# Logfile created on 2019-06-21 11:20:29 +0900 by logger.rb/66358
E, [2019-06-21T11:22:46.386398 #9706] ERROR -- : undefined method `[]' for nil:NilClass
E, [2019-06-21T12:04:08.765654 #10476] ERROR -- : undefined method `key?' for nil:NilClass
E, [2019-06-21T12:05:51.412688 #10497] ERROR -- : undefined method `key?' for nil:NilClass
E, [2019-06-21T12:11:15.652910 #10567] ERROR -- : undefined method `value?' for nil:NilClass
E, [2019-06-21T12:37:39.280096 #10755] ERROR -- : undefined method `zone' for Time:Class
E, [2019-06-21T12:45:48.366923 #10837] ERROR -- : wrong number of arguments (given 1, expected 0)
E, [2019-06-21T12:46:35.905088 #10882] ERROR -- : undefined local variable or method `time' for #<DataReader:0x00007ff3c91d9a10>
Did you mean?  timeout
E, [2019-07-25T22:12:37.572221 #11478] ERROR -- : Failed to open TCP connection to weather.livedoor.com:80 (getaddrinfo: nodename nor servname provided, or not known)
E, [2019-07-25T22:12:37.576823 #11478] ERROR -- : Failed to open TCP connection to weather.livedoor.com:80 (getaddrinfo: nodename nor servname provided, or not known)
E, [2019-07-25T22:12:37.577716 #11478] ERROR -- : Failed to open TCP connection to weather.livedoor.com:80 (getaddrinfo: nodename nor servname provided, or not known)
E, [2019-07-25T22:12:37.578627 #11478] ERROR -- : Failed to open TCP connection to weather.livedoor.com:80 (getaddrinfo: nodename nor servname provided, or not known)
E, [2019-07-25T22:12:37.579487 #11478] ERROR -- : Failed to open TCP connection to weather.livedoor.com:80 (getaddrinfo: nodename nor servname provided, or not known)
E, [2019-07-25T22:12:37.580291 #11478] ERROR -- : Failed to open TCP connection to weather.livedoor.com:80 (getaddrinfo: nodename nor servname provided, or not known)
E, [2019-07-25T22:12:37.581156 #11478] ERROR -- : Failed to open TCP connection to weather.livedoor.com:80 (getaddrinfo: nodename nor servname provided, or not known)
E, [2019-07-25T22:12:37.582281 #11478] ERROR -- : Failed to open TCP connection to weather.livedoor.com:80 (getaddrinfo: nodename nor servname provided, or not known)
E, [2019-07-25T22:12:37.584012 #11478] ERROR -- : Failed to open TCP connection to weather.livedoor.com:80 (getaddrinfo: nodename nor servname provided, or not known)
E, [2019-07-25T22:12:37.585382 #11478] ERROR -- : Failed to open TCP connection to weather.livedoor.com:80 (getaddrinfo: nodename nor servname provided, or not known)
E, [2019-07-25T22:12:37.586459 #11478] ERROR -- : Failed to open TCP connection to weather.livedoor.com:80 (getaddrinfo: nodename nor servname provided, or not known)
E, [2019-07-25T22:12:37.587337 #11478] ERROR -- : Failed to open TCP connection to weather.livedoor.com:80 (getaddrinfo: nodename nor servname provided, or not known)
E, [2019-07-25T22:12:37.588203 #11478] ERROR -- : Failed to open TCP connection to weather.livedoor.com:80 (getaddrinfo: nodename nor servname provided, or not known)
E, [2019-07-25T22:12:37.589054 #11478] ERROR -- : Failed to open TCP connection to weather.livedoor.com:80 (getaddrinfo: nodename nor servname provided, or not known)
E, [2019-07-25T22:12:37.589925 #11478] ERROR -- : Failed to open TCP connection to weather.livedoor.com:80 (getaddrinfo: nodename nor servname provided, or not known)
E, [2019-07-25T22:12:37.591439 #11478] ERROR -- : Failed to open TCP connection to weather.livedoor.com:80 (getaddrinfo: nodename nor servname provided, or not known)
E, [2019-07-25T22:12:37.592320 #11478] ERROR -- : Failed to open TCP connection to weather.livedoor.com:80 (getaddrinfo: nodename nor servname provided, or not known)
E, [2019-07-25T22:12:37.593132 #11478] ERROR -- : Failed to open TCP connection to weather.livedoor.com:80 (getaddrinfo: nodename nor servname provided, or not known)
E, [2019-07-25T22:12:37.593921 #11478] ERROR -- : Failed to open TCP connection to weather.livedoor.com:80 (getaddrinfo: nodename nor servname provided, or not known)
E, [2019-07-25T22:12:37.594814 #11478] ERROR -- : Failed to open TCP connection to weather.livedoor.com:80 (getaddrinfo: nodename nor servname provided, or not known)
E, [2019-07-25T22:12:37.595664 #11478] ERROR -- : Failed to open TCP connection to weather.livedoor.com:80 (getaddrinfo: nodename nor servname provided, or not known)
E, [2019-07-25T22:12:37.596471 #11478] ERROR -- : Failed to open TCP connection to weather.livedoor.com:80 (getaddrinfo: nodename nor servname provided, or not known)
E, [2019-07-25T22:12:37.600527 #11478] ERROR -- : Failed to open TCP connection to weather.livedoor.com:80 (getaddrinfo: nodename nor servname provided, or not known)
E, [2019-07-25T22:12:37.602101 #11478] ERROR -- : Failed to open TCP connection to weather.livedoor.com:80 (getaddrinfo: nodename nor servname provided, or not known)
E, [2019-07-25T22:12:37.603070 #11478] ERROR -- : Failed to open TCP connection to weather.livedoor.com:80 (getaddrinfo: nodename nor servname provided, or not known)
E, [2019-07-25T22:12:37.603944 #11478] ERROR -- : Failed to open TCP connection to weather.livedoor.com:80 (getaddrinfo: nodename nor servname provided, or not known)
E, [2019-07-25T22:12:37.604760 #11478] ERROR -- : Failed to open TCP connection to weather.livedoor.com:80 (getaddrinfo: nodename nor servname provided, or not known)
E, [2019-07-25T22:12:37.605578 #11478] ERROR -- : Failed to open TCP connection to weather.livedoor.com:80 (getaddrinfo: nodename nor servname provided, or not known)
E, [2019-07-25T22:12:37.606373 #11478] ERROR -- : Failed to open TCP connection to weather.livedoor.com:80 (getaddrinfo: nodename nor servname provided, or not known)
E, [2019-07-25T22:12:37.607401 #11478] ERROR -- : Failed to open TCP connection to weather.livedoor.com:80 (getaddrinfo: nodename nor servname provided, or not known)
E, [2019-07-25T22:12:37.608372 #11478] ERROR -- : Failed to open TCP connection to weather.livedoor.com:80 (getaddrinfo: nodename nor servname provided, or not known)
E, [2019-07-25T22:12:37.609228 #11478] ERROR -- : Failed to open TCP connection to weather.livedoor.com:80 (getaddrinfo: nodename nor servname provided, or not known)
E, [2019-07-25T22:12:37.610013 #11478] ERROR -- : Failed to open TCP connection to weather.livedoor.com:80 (getaddrinfo: nodename nor servname provided, or not known)
E, [2019-07-25T22:12:37.610834 #11478] ERROR -- : Failed to open TCP connection to weather.livedoor.com:80 (getaddrinfo: nodename nor servname provided, or not known)
E, [2019-07-25T22:12:37.611612 #11478] ERROR -- : Failed to open TCP connection to weather.livedoor.com:80 (getaddrinfo: nodename nor servname provided, or not known)
E, [2019-07-25T22:12:37.612403 #11478] ERROR -- : Failed to open TCP connection to weather.livedoor.com:80 (getaddrinfo: nodename nor servname provided, or not known)
E, [2019-07-25T22:12:37.613366 #11478] ERROR -- : Failed to open TCP connection to weather.livedoor.com:80 (getaddrinfo: nodename nor servname provided, or not known)
E, [2019-07-25T22:12:37.614241 #11478] ERROR -- : Failed to open TCP connection to weather.livedoor.com:80 (getaddrinfo: nodename nor servname provided, or not known)
E, [2019-07-25T22:12:37.615221 #11478] ERROR -- : Failed to open TCP connection to weather.livedoor.com:80 (getaddrinfo: nodename nor servname provided, or not known)
E, [2019-07-25T22:12:37.616266 #11478] ERROR -- : Failed to open TCP connection to weather.livedoor.com:80 (getaddrinfo: nodename nor servname provided, or not known)
E, [2019-07-25T22:12:37.617192 #11478] ERROR -- : Failed to open TCP connection to weather.livedoor.com:80 (getaddrinfo: nodename nor servname provided, or not known)
E, [2019-07-25T22:12:37.618037 #11478] ERROR -- : Failed to open TCP connection to weather.livedoor.com:80 (getaddrinfo: nodename nor servname provided, or not known)
E, [2019-07-25T22:12:37.618871 #11478] ERROR -- : Failed to open TCP connection to weather.livedoor.com:80 (getaddrinfo: nodename nor servname provided, or not known)
E, [2019-07-25T22:12:37.619680 #11478] ERROR -- : Failed to open TCP connection to weather.livedoor.com:80 (getaddrinfo: nodename nor servname provided, or not known)
E, [2019-07-25T22:12:37.620576 #11478] ERROR -- : Failed to open TCP connection to weather.livedoor.com:80 (getaddrinfo: nodename nor servname provided, or not known)
E, [2019-07-25T22:12:37.621409 #11478] ERROR -- : Failed to open TCP connection to weather.livedoor.com:80 (getaddrinfo: nodename nor servname provided, or not known)
E, [2019-07-25T22:12:37.622161 #11478] ERROR -- : Failed to open TCP connection to weather.livedoor.com:80 (getaddrinfo: nodename nor servname provided, or not known)
E, [2019-07-25T22:12:37.623026 #11478] ERROR -- : Failed to open TCP connection to weather.livedoor.com:80 (getaddrinfo: nodename nor servname provided, or not known)
E, [2019-07-25T22:12:37.624406 #11478] ERROR -- : Failed to open TCP connection to weather.livedoor.com:80 (getaddrinfo: nodename nor servname provided, or not known)
E, [2019-07-25T22:12:37.625287 #11478] ERROR -- : Failed to open TCP connection to weather.livedoor.com:80 (getaddrinfo: nodename nor servname provided, or not known)
E, [2019-07-25T22:12:37.626109 #11478] ERROR -- : Failed to open TCP connection to weather.livedoor.com:80 (getaddrinfo: nodename nor servname provided, or not known)
E, [2019-07-25T22:12:37.626914 #11478] ERROR -- : Failed to open TCP connection to weather.livedoor.com:80 (getaddrinfo: nodename nor servname provided, or not known)
E, [2019-07-25T22:12:37.627841 #11478] ERROR -- : Failed to open TCP connection to weather.livedoor.com:80 (getaddrinfo: nodename nor servname provided, or not known)
E, [2019-07-25T22:12:37.629481 #11478] ERROR -- : Failed to open TCP connection to weather.livedoor.com:80 (getaddrinfo: nodename nor servname provided, or not known)
E, [2019-07-25T22:12:37.630821 #11478] ERROR -- : Failed to open TCP connection to weather.livedoor.com:80 (getaddrinfo: nodename nor servname provided, or not known)
E, [2019-07-25T22:12:37.631879 #11478] ERROR -- : Failed to open TCP connection to weather.livedoor.com:80 (getaddrinfo: nodename nor servname provided, or not known)
E, [2019-07-25T22:12:37.632869 #11478] ERROR -- : Failed to open TCP connection to weather.livedoor.com:80 (getaddrinfo: nodename nor servname provided, or not known)
E, [2019-07-25T22:12:37.634040 #11478] ERROR -- : Failed to open TCP connection to weather.livedoor.com:80 (getaddrinfo: nodename nor servname provided, or not known)
E, [2019-07-25T22:12:37.635169 #11478] ERROR -- : Failed to open TCP connection to weather.livedoor.com:80 (getaddrinfo: nodename nor servname provided, or not known)
E, [2019-07-25T22:12:37.636023 #11478] ERROR -- : Failed to open TCP connection to weather.livedoor.com:80 (getaddrinfo: nodename nor servname provided, or not known)
E, [2019-07-25T22:12:37.636822 #11478] ERROR -- : Failed to open TCP connection to weather.livedoor.com:80 (getaddrinfo: nodename nor servname provided, or not known)
E, [2019-07-25T22:12:37.637673 #11478] ERROR -- : Failed to open TCP connection to weather.livedoor.com:80 (getaddrinfo: nodename nor servname provided, or not known)
E, [2019-07-25T22:12:37.638479 #11478] ERROR -- : Failed to open TCP connection to weather.livedoor.com:80 (getaddrinfo: nodename nor servname provided, or not known)
E, [2019-07-25T22:12:37.639242 #11478] ERROR -- : Failed to open TCP connection to weather.livedoor.com:80 (getaddrinfo: nodename nor servname provided, or not known)
E, [2019-07-25T22:12:37.640290 #11478] ERROR -- : Failed to open TCP connection to weather.livedoor.com:80 (getaddrinfo: nodename nor servname provided, or not known)
E, [2019-07-25T22:12:37.641243 #11478] ERROR -- : Failed to open TCP connection to weather.livedoor.com:80 (getaddrinfo: nodename nor servname provided, or not known)
E, [2019-07-25T22:12:37.642072 #11478] ERROR -- : Failed to open TCP connection to weather.livedoor.com:80 (getaddrinfo: nodename nor servname provided, or not known)
E, [2019-07-25T22:12:37.642853 #11478] ERROR -- : Failed to open TCP connection to weather.livedoor.com:80 (getaddrinfo: nodename nor servname provided, or not known)
E, [2019-07-25T22:12:37.643657 #11478] ERROR -- : Failed to open TCP connection to weather.livedoor.com:80 (getaddrinfo: nodename nor servname provided, or not known)
E, [2019-07-25T22:12:37.644468 #11478] ERROR -- : Failed to open TCP connection to weather.livedoor.com:80 (getaddrinfo: nodename nor servname provided, or not known)
E, [2019-07-25T22:12:37.645273 #11478] ERROR -- : Failed to open TCP connection to weather.livedoor.com:80 (getaddrinfo: nodename nor servname provided, or not known)
E, [2019-07-25T22:12:37.646052 #11478] ERROR -- : Failed to open TCP connection to weather.livedoor.com:80 (getaddrinfo: nodename nor servname provided, or not known)
E, [2019-07-25T22:12:37.646831 #11478] ERROR -- : Failed to open TCP connection to weather.livedoor.com:80 (getaddrinfo: nodename nor servname provided, or not known)
E, [2019-07-25T22:12:37.647609 #11478] ERROR -- : Failed to open TCP connection to weather.livedoor.com:80 (getaddrinfo: nodename nor servname provided, or not known)
E, [2019-07-25T22:12:37.648588 #11478] ERROR -- : Failed to open TCP connection to weather.livedoor.com:80 (getaddrinfo: nodename nor servname provided, or not known)
E, [2019-07-25T22:12:37.649449 #11478] ERROR -- : Failed to open TCP connection to weather.livedoor.com:80 (getaddrinfo: nodename nor servname provided, or not known)
E, [2019-07-25T22:12:37.650249 #11478] ERROR -- : Failed to open TCP connection to weather.livedoor.com:80 (getaddrinfo: nodename nor servname provided, or not known)
E, [2019-07-25T22:12:37.651057 #11478] ERROR -- : Failed to open TCP connection to weather.livedoor.com:80 (getaddrinfo: nodename nor servname provided, or not known)
E, [2019-07-25T22:12:37.651849 #11478] ERROR -- : Failed to open TCP connection to weather.livedoor.com:80 (getaddrinfo: nodename nor servname provided, or not known)
E, [2019-07-25T22:12:37.652612 #11478] ERROR -- : Failed to open TCP connection to weather.livedoor.com:80 (getaddrinfo: nodename nor servname provided, or not known)
E, [2019-07-25T22:12:37.653486 #11478] ERROR -- : Failed to open TCP connection to weather.livedoor.com:80 (getaddrinfo: nodename nor servname provided, or not known)
E, [2019-07-25T22:12:37.654313 #11478] ERROR -- : Failed to open TCP connection to weather.livedoor.com:80 (getaddrinfo: nodename nor servname provided, or not known)
E, [2019-07-25T22:12:37.655094 #11478] ERROR -- : Failed to open TCP connection to weather.livedoor.com:80 (getaddrinfo: nodename nor servname provided, or not known)
E, [2019-07-25T22:12:37.655868 #11478] ERROR -- : Failed to open TCP connection to weather.livedoor.com:80 (getaddrinfo: nodename nor servname provided, or not known)
E, [2019-07-25T22:12:37.656638 #11478] ERROR -- : Failed to open TCP connection to weather.livedoor.com:80 (getaddrinfo: nodename nor servname provided, or not known)
E, [2019-07-25T22:12:37.657758 #11478] ERROR -- : Failed to open TCP connection to weather.livedoor.com:80 (getaddrinfo: nodename nor servname provided, or not known)
E, [2019-07-25T22:12:37.658623 #11478] ERROR -- : Failed to open TCP connection to weather.livedoor.com:80 (getaddrinfo: nodename nor servname provided, or not known)
E, [2019-07-25T22:12:37.659416 #11478] ERROR -- : Failed to open TCP connection to weather.livedoor.com:80 (getaddrinfo: nodename nor servname provided, or not known)
E, [2019-07-25T22:12:37.660207 #11478] ERROR -- : Failed to open TCP connection to weather.livedoor.com:80 (getaddrinfo: nodename nor servname provided, or not known)
E, [2019-07-25T22:12:37.660987 #11478] ERROR -- : Failed to open TCP connection to weather.livedoor.com:80 (getaddrinfo: nodename nor servname provided, or not known)
E, [2019-07-25T22:12:37.661835 #11478] ERROR -- : Failed to open TCP connection to weather.livedoor.com:80 (getaddrinfo: nodename nor servname provided, or not known)
E, [2019-07-25T22:12:37.662621 #11478] ERROR -- : Failed to open TCP connection to weather.livedoor.com:80 (getaddrinfo: nodename nor servname provided, or not known)
E, [2019-07-25T22:12:37.663428 #11478] ERROR -- : Failed to open TCP connection to weather.livedoor.com:80 (getaddrinfo: nodename nor servname provided, or not known)
E, [2019-07-25T22:12:37.664208 #11478] ERROR -- : Failed to open TCP connection to weather.livedoor.com:80 (getaddrinfo: nodename nor servname provided, or not known)
E, [2019-07-25T22:12:37.665296 #11478] ERROR -- : Failed to open TCP connection to weather.livedoor.com:80 (getaddrinfo: nodename nor servname provided, or not known)
E, [2019-07-25T22:12:37.666648 #11478] ERROR -- : Failed to open TCP connection to weather.livedoor.com:80 (getaddrinfo: nodename nor servname provided, or not known)
E, [2019-07-25T22:12:37.668310 #11478] ERROR -- : Failed to open TCP connection to weather.livedoor.com:80 (getaddrinfo: nodename nor servname provided, or not known)
E, [2019-07-25T22:12:37.669424 #11478] ERROR -- : Failed to open TCP connection to weather.livedoor.com:80 (getaddrinfo: nodename nor servname provided, or not known)
E, [2019-07-25T22:12:37.670353 #11478] ERROR -- : Failed to open TCP connection to weather.livedoor.com:80 (getaddrinfo: nodename nor servname provided, or not known)
E, [2019-07-25T22:12:37.671283 #11478] ERROR -- : Failed to open TCP connection to weather.livedoor.com:80 (getaddrinfo: nodename nor servname provided, or not known)
E, [2019-07-25T22:12:37.672161 #11478] ERROR -- : Failed to open TCP connection to weather.livedoor.com:80 (getaddrinfo: nodename nor servname provided, or not known)
E, [2019-07-25T22:12:37.672999 #11478] ERROR -- : Failed to open TCP connection to weather.livedoor.com:80 (getaddrinfo: nodename nor servname provided, or not known)
E, [2019-07-25T22:12:37.674103 #11478] ERROR -- : Failed to open TCP connection to weather.livedoor.com:80 (getaddrinfo: nodename nor servname provided, or not known)
E, [2019-07-25T22:12:37.674999 #11478] ERROR -- : Failed to open TCP connection to weather.livedoor.com:80 (getaddrinfo: nodename nor servname provided, or not known)
E, [2019-07-25T22:12:37.675792 #11478] ERROR -- : Failed to open TCP connection to weather.livedoor.com:80 (getaddrinfo: nodename nor servname provided, or not known)
E, [2019-07-25T22:12:37.676619 #11478] ERROR -- : Failed to open TCP connection to weather.livedoor.com:80 (getaddrinfo: nodename nor servname provided, or not known)
E, [2019-07-25T22:12:37.677391 #11478] ERROR -- : Failed to open TCP connection to weather.livedoor.com:80 (getaddrinfo: nodename nor servname provided, or not known)
E, [2019-07-25T22:12:37.678190 #11478] ERROR -- : Failed to open TCP connection to weather.livedoor.com:80 (getaddrinfo: nodename nor servname provided, or not known)
E, [2019-07-25T22:12:37.678967 #11478] ERROR -- : Failed to open TCP connection to weather.livedoor.com:80 (getaddrinfo: nodename nor servname provided, or not known)
E, [2019-07-25T22:12:37.679760 #11478] ERROR -- : Failed to open TCP connection to weather.livedoor.com:80 (getaddrinfo: nodename nor servname provided, or not known)
E, [2019-07-25T22:12:37.680573 #11478] ERROR -- : Failed to open TCP connection to weather.livedoor.com:80 (getaddrinfo: nodename nor servname provided, or not known)
E, [2019-07-25T22:12:37.681360 #11478] ERROR -- : Failed to open TCP connection to weather.livedoor.com:80 (getaddrinfo: nodename nor servname provided, or not known)
E, [2019-07-25T22:12:37.682248 #11478] ERROR -- : Failed to open TCP connection to weather.livedoor.com:80 (getaddrinfo: nodename nor servname provided, or not known)
E, [2019-07-25T22:12:37.683240 #11478] ERROR -- : Failed to open TCP connection to weather.livedoor.com:80 (getaddrinfo: nodename nor servname provided, or not known)
E, [2019-07-25T22:12:37.684425 #11478] ERROR -- : Failed to open TCP connection to weather.livedoor.com:80 (getaddrinfo: nodename nor servname provided, or not known)
E, [2019-07-25T22:12:37.685521 #11478] ERROR -- : Failed to open TCP connection to weather.livedoor.com:80 (getaddrinfo: nodename nor servname provided, or not known)
E, [2019-07-25T22:12:37.686380 #11478] ERROR -- : Failed to open TCP connection to weather.livedoor.com:80 (getaddrinfo: nodename nor servname provided, or not known)
E, [2019-07-25T22:12:37.687178 #11478] ERROR -- : Failed to open TCP connection to weather.livedoor.com:80 (getaddrinfo: nodename nor servname provided, or not known)
E, [2019-07-25T22:12:37.687959 #11478] ERROR -- : Failed to open TCP connection to weather.livedoor.com:80 (getaddrinfo: nodename nor servname provided, or not known)
E, [2019-07-25T22:12:37.688736 #11478] ERROR -- : Failed to open TCP connection to weather.livedoor.com:80 (getaddrinfo: nodename nor servname provided, or not known)
E, [2019-07-25T22:12:37.689550 #11478] ERROR -- : Failed to open TCP connection to weather.livedoor.com:80 (getaddrinfo: nodename nor servname provided, or not known)
E, [2019-07-25T22:12:37.690555 #11478] ERROR -- : Failed to open TCP connection to weather.livedoor.com:80 (getaddrinfo: nodename nor servname provided, or not known)
E, [2019-07-25T22:12:37.691538 #11478] ERROR -- : Failed to open TCP connection to weather.livedoor.com:80 (getaddrinfo: nodename nor servname provided, or not known)
E, [2019-07-25T22:12:37.692379 #11478] ERROR -- : Failed to open TCP connection to weather.livedoor.com:80 (getaddrinfo: nodename nor servname provided, or not known)
E, [2019-07-25T22:12:37.693636 #11478] ERROR -- : Failed to open TCP connection to weather.livedoor.com:80 (getaddrinfo: nodename nor servname provided, or not known)
E, [2019-07-25T22:12:37.696364 #11478] ERROR -- : Failed to open TCP connection to weather.livedoor.com:80 (getaddrinfo: nodename nor servname provided, or not known)
E, [2019-07-25T22:12:37.697370 #11478] ERROR -- : Failed to open TCP connection to weather.livedoor.com:80 (getaddrinfo: nodename nor servname provided, or not known)
E, [2019-07-25T22:12:37.698238 #11478] ERROR -- : Failed to open TCP connection to weather.livedoor.com:80 (getaddrinfo: nodename nor servname provided, or not known)
E, [2019-07-25T22:12:37.699222 #11478] ERROR -- : Failed to open TCP connection to weather.livedoor.com:80 (getaddrinfo: nodename nor servname provided, or not known)
E, [2019-07-25T22:12:37.700072 #11478] ERROR -- : Failed to open TCP connection to weather.livedoor.com:80 (getaddrinfo: nodename nor servname provided, or not known)
E, [2019-07-25T22:12:37.700871 #11478] ERROR -- : Failed to open TCP connection to weather.livedoor.com:80 (getaddrinfo: nodename nor servname provided, or not known)
E, [2019-07-25T22:12:37.701736 #11478] ERROR -- : Failed to open TCP connection to weather.livedoor.com:80 (getaddrinfo: nodename nor servname provided, or not known)
E, [2019-07-25T22:12:37.702544 #11478] ERROR -- : Failed to open TCP connection to weather.livedoor.com:80 (getaddrinfo: nodename nor servname provided, or not known)
E, [2019-07-25T22:12:37.703341 #11478] ERROR -- : Failed to open TCP connection to weather.livedoor.com:80 (getaddrinfo: nodename nor servname provided, or not known)
E, [2019-07-25T22:12:37.704383 #11478] ERROR -- : Failed to open TCP connection to weather.livedoor.com:80 (getaddrinfo: nodename nor servname provided, or not known)
E, [2019-07-25T22:12:37.706139 #11478] ERROR -- : Failed to open TCP connection to weather.livedoor.com:80 (getaddrinfo: nodename nor servname provided, or not known)
E, [2019-07-25T22:12:37.707997 #11478] ERROR -- : Failed to open TCP connection to weather.livedoor.com:80 (getaddrinfo: nodename nor servname provided, or not known)
E, [2019-07-25T22:12:37.708929 #11478] ERROR -- : Failed to open TCP connection to weather.livedoor.com:80 (getaddrinfo: nodename nor servname provided, or not known)
E, [2019-07-25T22:12:37.709737 #11478] ERROR -- : Failed to open TCP connection to weather.livedoor.com:80 (getaddrinfo: nodename nor servname provided, or not known)
E, [2019-07-25T22:12:37.710508 #11478] ERROR -- : Failed to open TCP connection to weather.livedoor.com:80 (getaddrinfo: nodename nor servname provided, or not known)
E, [2019-07-25T22:12:37.711273 #11478] ERROR -- : Failed to open TCP connection to weather.livedoor.com:80 (getaddrinfo: nodename nor servname provided, or not known)
E, [2019-07-25T22:12:37.712145 #11478] ERROR -- : Failed to open TCP connection to weather.livedoor.com:80 (getaddrinfo: nodename nor servname provided, or not known)
E, [2019-07-26T00:51:12.343413 #11534] ERROR -- : undefined method `[]' for nil:NilClass
E, [2019-07-26T00:51:12.414745 #11534] ERROR -- : undefined method `[]' for nil:NilClass
E, [2019-07-26T00:51:12.483876 #11534] ERROR -- : undefined method `[]' for nil:NilClass
E, [2019-07-26T00:51:12.551292 #11534] ERROR -- : undefined method `[]' for nil:NilClass
E, [2019-07-26T00:51:12.615394 #11534] ERROR -- : undefined method `[]' for nil:NilClass
E, [2019-07-26T00:51:12.687176 #11534] ERROR -- : undefined method `[]' for nil:NilClass
E, [2019-07-26T00:51:12.776990 #11534] ERROR -- : undefined method `[]' for nil:NilClass
E, [2019-07-26T00:51:12.869032 #11534] ERROR -- : undefined method `[]' for nil:NilClass
E, [2019-07-26T00:51:12.974368 #11534] ERROR -- : undefined method `[]' for nil:NilClass
E, [2019-07-26T00:51:13.073839 #11534] ERROR -- : undefined method `[]' for nil:NilClass
E, [2019-07-26T00:51:13.163933 #11534] ERROR -- : undefined method `[]' for nil:NilClass
E, [2019-07-26T00:51:13.248718 #11534] ERROR -- : undefined method `[]' for nil:NilClass
E, [2019-07-26T00:51:13.337788 #11534] ERROR -- : undefined method `[]' for nil:NilClass
E, [2019-07-26T00:51:13.408889 #11534] ERROR -- : undefined method `[]' for nil:NilClass
E, [2019-07-26T00:51:13.475389 #11534] ERROR -- : undefined method `[]' for nil:NilClass
E, [2019-07-26T00:51:13.565511 #11534] ERROR -- : undefined method `[]' for nil:NilClass
E, [2019-07-26T00:51:13.655837 #11534] ERROR -- : undefined method `[]' for nil:NilClass
E, [2019-07-26T00:51:13.725621 #11534] ERROR -- : undefined method `[]' for nil:NilClass
E, [2019-07-26T00:51:13.821173 #11534] ERROR -- : undefined method `[]' for nil:NilClass
E, [2019-07-26T00:51:13.891948 #11534] ERROR -- : undefined method `[]' for nil:NilClass
E, [2019-07-26T00:51:13.971853 #11534] ERROR -- : undefined method `[]' for nil:NilClass
E, [2019-07-26T00:51:14.038671 #11534] ERROR -- : undefined method `[]' for nil:NilClass
E, [2019-07-26T00:51:14.156360 #11534] ERROR -- : undefined method `[]' for nil:NilClass
E, [2019-07-26T00:51:14.221213 #11534] ERROR -- : undefined method `[]' for nil:NilClass
E, [2019-07-26T00:51:14.296036 #11534] ERROR -- : undefined method `[]' for nil:NilClass
E, [2019-07-26T00:51:14.452495 #11534] ERROR -- : undefined method `[]' for nil:NilClass
E, [2019-07-26T00:51:14.516644 #11534] ERROR -- : undefined method `[]' for nil:NilClass
E, [2019-07-26T00:51:14.585249 #11534] ERROR -- : undefined method `[]' for nil:NilClass
E, [2019-07-26T00:51:14.668814 #11534] ERROR -- : undefined method `[]' for nil:NilClass
E, [2019-07-26T00:51:14.757987 #11534] ERROR -- : undefined method `[]' for nil:NilClass
E, [2019-07-26T00:51:14.832657 #11534] ERROR -- : undefined method `[]' for nil:NilClass
E, [2019-07-26T00:51:14.954386 #11534] ERROR -- : undefined method `[]' for nil:NilClass
E, [2019-07-26T00:51:15.041945 #11534] ERROR -- : undefined method `[]' for nil:NilClass
E, [2019-07-26T00:51:15.115000 #11534] ERROR -- : undefined method `[]' for nil:NilClass
E, [2019-07-26T00:51:15.180441 #11534] ERROR -- : undefined method `[]' for nil:NilClass
E, [2019-07-26T00:51:15.252872 #11534] ERROR -- : undefined method `[]' for nil:NilClass
E, [2019-07-26T00:51:15.326945 #11534] ERROR -- : undefined method `[]' for nil:NilClass
E, [2019-07-26T00:51:15.402414 #11534] ERROR -- : undefined method `[]' for nil:NilClass
E, [2019-07-26T00:51:15.469999 #11534] ERROR -- : undefined method `[]' for nil:NilClass
E, [2019-07-26T00:51:15.537597 #11534] ERROR -- : undefined method `[]' for nil:NilClass
E, [2019-07-26T00:51:15.614984 #11534] ERROR -- : undefined method `[]' for nil:NilClass
E, [2019-07-26T00:51:15.716916 #11534] ERROR -- : undefined method `[]' for nil:NilClass
E, [2019-07-26T00:51:15.793680 #11534] ERROR -- : undefined method `[]' for nil:NilClass
E, [2019-07-26T00:51:15.857818 #11534] ERROR -- : undefined method `[]' for nil:NilClass
E, [2019-07-26T00:51:15.939385 #11534] ERROR -- : undefined method `[]' for nil:NilClass
E, [2019-07-26T00:51:16.011293 #11534] ERROR -- : undefined method `[]' for nil:NilClass
E, [2019-07-26T00:51:16.077369 #11534] ERROR -- : undefined method `[]' for nil:NilClass
E, [2019-07-26T00:51:16.149082 #11534] ERROR -- : undefined method `[]' for nil:NilClass
E, [2019-07-26T00:51:16.217510 #11534] ERROR -- : undefined method `[]' for nil:NilClass
E, [2019-07-26T00:51:16.299156 #11534] ERROR -- : undefined method `[]' for nil:NilClass
E, [2019-07-26T00:51:16.394099 #11534] ERROR -- : undefined method `[]' for nil:NilClass
E, [2019-07-26T00:51:16.496257 #11534] ERROR -- : undefined method `[]' for nil:NilClass
E, [2019-07-26T00:51:16.577523 #11534] ERROR -- : undefined method `[]' for nil:NilClass
E, [2019-07-26T00:51:16.666056 #11534] ERROR -- : undefined method `[]' for nil:NilClass
E, [2019-07-26T00:51:16.741790 #11534] ERROR -- : undefined method `[]' for nil:NilClass
E, [2019-07-26T00:51:16.814749 #11534] ERROR -- : undefined method `[]' for nil:NilClass
E, [2019-07-26T00:51:16.920646 #11534] ERROR -- : undefined method `[]' for nil:NilClass
E, [2019-07-26T00:51:17.010216 #11534] ERROR -- : undefined method `[]' for nil:NilClass
E, [2019-07-26T00:51:17.104121 #11534] ERROR -- : undefined method `[]' for nil:NilClass
E, [2019-07-26T00:51:17.176181 #11534] ERROR -- : undefined method `[]' for nil:NilClass
E, [2019-07-26T00:51:17.269397 #11534] ERROR -- : undefined method `[]' for nil:NilClass
E, [2019-07-26T00:51:17.356316 #11534] ERROR -- : undefined method `[]' for nil:NilClass
E, [2019-07-26T00:51:17.470329 #11534] ERROR -- : undefined method `[]' for nil:NilClass
E, [2019-07-26T00:51:17.540478 #11534] ERROR -- : undefined method `[]' for nil:NilClass
E, [2019-07-26T00:51:17.639437 #11534] ERROR -- : undefined method `[]' for nil:NilClass
E, [2019-07-26T00:51:17.732165 #11534] ERROR -- : undefined method `[]' for nil:NilClass
E, [2019-07-26T00:51:17.801090 #11534] ERROR -- : undefined method `[]' for nil:NilClass
E, [2019-07-26T00:51:17.893917 #11534] ERROR -- : undefined method `[]' for nil:NilClass
E, [2019-07-26T00:51:17.973214 #11534] ERROR -- : undefined method `[]' for nil:NilClass
E, [2019-07-26T00:51:18.037910 #11534] ERROR -- : undefined method `[]' for nil:NilClass
E, [2019-07-26T00:51:18.115038 #11534] ERROR -- : undefined method `[]' for nil:NilClass
E, [2019-07-26T00:51:18.210592 #11534] ERROR -- : undefined method `[]' for nil:NilClass
E, [2019-07-26T00:51:18.313518 #11534] ERROR -- : undefined method `[]' for nil:NilClass
E, [2019-07-26T00:51:18.415778 #11534] ERROR -- : undefined method `[]' for nil:NilClass
E, [2019-07-26T00:51:18.511968 #11534] ERROR -- : undefined method `[]' for nil:NilClass
E, [2019-07-26T00:51:18.584507 #11534] ERROR -- : undefined method `[]' for nil:NilClass
E, [2019-07-26T00:51:18.676994 #11534] ERROR -- : undefined method `[]' for nil:NilClass
E, [2019-07-26T00:51:18.768866 #11534] ERROR -- : undefined method `[]' for nil:NilClass
E, [2019-07-26T00:51:18.859814 #11534] ERROR -- : undefined method `[]' for nil:NilClass
E, [2019-07-26T00:51:18.941995 #11534] ERROR -- : undefined method `[]' for nil:NilClass
E, [2019-07-26T00:51:19.036155 #11534] ERROR -- : undefined method `[]' for nil:NilClass
E, [2019-07-26T00:51:19.107799 #11534] ERROR -- : undefined method `[]' for nil:NilClass
E, [2019-07-26T00:51:19.171746 #11534] ERROR -- : undefined method `[]' for nil:NilClass
E, [2019-07-26T00:51:19.263253 #11534] ERROR -- : undefined method `[]' for nil:NilClass
E, [2019-07-26T00:51:19.338090 #11534] ERROR -- : undefined method `[]' for nil:NilClass
E, [2019-07-26T00:51:19.403481 #11534] ERROR -- : undefined method `[]' for nil:NilClass
E, [2019-07-26T00:51:19.507711 #11534] ERROR -- : undefined method `[]' for nil:NilClass
E, [2019-07-26T00:51:19.580204 #11534] ERROR -- : undefined method `[]' for nil:NilClass
E, [2019-07-26T00:51:19.699138 #11534] ERROR -- : undefined method `[]' for nil:NilClass
E, [2019-07-26T00:51:19.773456 #11534] ERROR -- : undefined method `[]' for nil:NilClass
E, [2019-07-26T00:51:19.863305 #11534] ERROR -- : undefined method `[]' for nil:NilClass
E, [2019-07-26T00:51:19.927528 #11534] ERROR -- : undefined method `[]' for nil:NilClass
E, [2019-07-26T00:51:20.022329 #11534] ERROR -- : undefined method `[]' for nil:NilClass
E, [2019-07-26T00:51:20.096435 #11534] ERROR -- : undefined method `[]' for nil:NilClass
E, [2019-07-26T00:51:20.167249 #11534] ERROR -- : undefined method `[]' for nil:NilClass
E, [2019-07-26T00:51:20.261709 #11534] ERROR -- : undefined method `[]' for nil:NilClass
E, [2019-07-26T00:51:20.353469 #11534] ERROR -- : undefined method `[]' for nil:NilClass
E, [2019-07-26T00:51:20.438519 #11534] ERROR -- : undefined method `[]' for nil:NilClass
E, [2019-07-26T00:51:20.532496 #11534] ERROR -- : undefined method `[]' for nil:NilClass
E, [2019-07-26T00:51:20.620547 #11534] ERROR -- : undefined method `[]' for nil:NilClass
E, [2019-07-26T00:51:20.686048 #11534] ERROR -- : undefined method `[]' for nil:NilClass
E, [2019-07-26T00:51:20.784219 #11534] ERROR -- : undefined method `[]' for nil:NilClass
E, [2019-07-26T00:51:20.877494 #11534] ERROR -- : undefined method `[]' for nil:NilClass
E, [2019-07-26T00:51:21.030479 #11534] ERROR -- : undefined method `[]' for nil:NilClass
E, [2019-07-26T00:51:21.114503 #11534] ERROR -- : undefined method `[]' for nil:NilClass
E, [2019-07-26T00:51:21.248149 #11534] ERROR -- : undefined method `[]' for nil:NilClass
E, [2019-07-26T00:51:21.336164 #11534] ERROR -- : undefined method `[]' for nil:NilClass
E, [2019-07-26T00:51:21.406652 #11534] ERROR -- : undefined method `[]' for nil:NilClass
E, [2019-07-26T00:51:21.512640 #11534] ERROR -- : undefined method `[]' for nil:NilClass
E, [2019-07-26T00:51:21.593789 #11534] ERROR -- : undefined method `[]' for nil:NilClass
E, [2019-07-26T00:51:21.664033 #11534] ERROR -- : undefined method `[]' for nil:NilClass
E, [2019-07-26T00:51:21.769962 #11534] ERROR -- : undefined method `[]' for nil:NilClass
E, [2019-07-26T00:51:21.838949 #11534] ERROR -- : undefined method `[]' for nil:NilClass
E, [2019-07-26T00:51:21.947598 #11534] ERROR -- : undefined method `[]' for nil:NilClass
E, [2019-07-26T00:51:22.022090 #11534] ERROR -- : undefined method `[]' for nil:NilClass
E, [2019-07-26T00:51:22.107242 #11534] ERROR -- : undefined method `[]' for nil:NilClass
E, [2019-07-26T00:51:22.180432 #11534] ERROR -- : undefined method `[]' for nil:NilClass
E, [2019-07-26T00:51:22.259510 #11534] ERROR -- : undefined method `[]' for nil:NilClass
E, [2019-07-26T00:51:22.332549 #11534] ERROR -- : undefined method `[]' for nil:NilClass
E, [2019-07-26T00:51:22.412407 #11534] ERROR -- : undefined method `[]' for nil:NilClass
E, [2019-07-26T00:51:22.479695 #11534] ERROR -- : undefined method `[]' for nil:NilClass
E, [2019-07-26T00:51:22.558902 #11534] ERROR -- : undefined method `[]' for nil:NilClass
E, [2019-07-26T00:51:22.640576 #11534] ERROR -- : undefined method `[]' for nil:NilClass
E, [2019-07-26T00:51:22.720998 #11534] ERROR -- : undefined method `[]' for nil:NilClass
E, [2019-07-26T00:51:22.786582 #11534] ERROR -- : undefined method `[]' for nil:NilClass
E, [2019-07-26T00:51:22.883856 #11534] ERROR -- : undefined method `[]' for nil:NilClass
E, [2019-07-26T00:51:22.958814 #11534] ERROR -- : undefined method `[]' for nil:NilClass
E, [2019-07-26T00:51:23.027311 #11534] ERROR -- : undefined method `[]' for nil:NilClass
E, [2019-07-26T00:51:23.100720 #11534] ERROR -- : undefined method `[]' for nil:NilClass
E, [2019-07-26T00:51:23.165921 #11534] ERROR -- : undefined method `[]' for nil:NilClass
E, [2019-07-26T00:51:23.270454 #11534] ERROR -- : undefined method `[]' for nil:NilClass
E, [2019-07-26T00:51:23.344042 #11534] ERROR -- : undefined method `[]' for nil:NilClass
E, [2019-07-26T00:51:23.411209 #11534] ERROR -- : undefined method `[]' for nil:NilClass
E, [2019-07-26T00:51:23.477792 #11534] ERROR -- : undefined method `[]' for nil:NilClass
E, [2019-07-26T00:51:23.542631 #11534] ERROR -- : undefined method `[]' for nil:NilClass
E, [2019-07-26T00:51:23.610736 #11534] ERROR -- : undefined method `[]' for nil:NilClass
E, [2019-07-26T00:51:23.702502 #11534] ERROR -- : undefined method `[]' for nil:NilClass
E, [2019-07-26T00:51:23.816299 #11534] ERROR -- : undefined method `[]' for nil:NilClass
E, [2019-07-26T00:51:23.879393 #11534] ERROR -- : undefined method `[]' for nil:NilClass
E, [2019-07-26T00:51:23.946415 #11534] ERROR -- : undefined method `[]' for nil:NilClass
E, [2019-07-26T00:51:24.043534 #11534] ERROR -- : undefined method `[]' for nil:NilClass
E, [2019-07-26T00:51:24.160175 #11534] ERROR -- : undefined method `[]' for nil:NilClass
E, [2019-07-26T00:52:13.057488 #11591] ERROR -- : undefined method `[]' for nil:NilClass
E, [2019-07-26T00:52:13.136644 #11591] ERROR -- : undefined method `[]' for nil:NilClass
E, [2019-07-26T00:52:13.257597 #11591] ERROR -- : undefined method `[]' for nil:NilClass
E, [2019-07-26T00:52:13.327236 #11591] ERROR -- : undefined method `[]' for nil:NilClass
E, [2019-07-26T00:52:13.394870 #11591] ERROR -- : undefined method `[]' for nil:NilClass
E, [2019-07-26T00:52:13.470814 #11591] ERROR -- : undefined method `[]' for nil:NilClass
E, [2019-07-26T00:52:13.543580 #11591] ERROR -- : undefined method `[]' for nil:NilClass
E, [2019-07-26T00:52:13.639498 #11591] ERROR -- : undefined method `[]' for nil:NilClass
E, [2019-07-26T00:52:13.712665 #11591] ERROR -- : undefined method `[]' for nil:NilClass
E, [2019-07-26T00:52:13.805185 #11591] ERROR -- : undefined method `[]' for nil:NilClass
E, [2019-07-26T00:52:13.900624 #11591] ERROR -- : undefined method `[]' for nil:NilClass
E, [2019-07-26T00:52:13.988468 #11591] ERROR -- : undefined method `[]' for nil:NilClass
E, [2019-07-26T00:52:14.056596 #11591] ERROR -- : undefined method `[]' for nil:NilClass
E, [2019-07-26T00:52:14.126092 #11591] ERROR -- : undefined method `[]' for nil:NilClass
E, [2019-07-26T00:52:14.232047 #11591] ERROR -- : undefined method `[]' for nil:NilClass
E, [2019-07-26T00:52:14.324854 #11591] ERROR -- : undefined method `[]' for nil:NilClass
E, [2019-07-26T00:52:14.412315 #11591] ERROR -- : undefined method `[]' for nil:NilClass
E, [2019-07-26T00:52:14.476762 #11591] ERROR -- : undefined method `[]' for nil:NilClass
E, [2019-07-26T00:52:14.573251 #11591] ERROR -- : undefined method `[]' for nil:NilClass
E, [2019-07-26T00:52:14.732948 #11591] ERROR -- : undefined method `[]' for nil:NilClass
E, [2019-07-26T00:52:14.806067 #11591] ERROR -- : undefined method `[]' for nil:NilClass
E, [2019-07-26T00:52:14.881214 #11591] ERROR -- : undefined method `[]' for nil:NilClass
E, [2019-07-26T00:52:14.944959 #11591] ERROR -- : undefined method `[]' for nil:NilClass
E, [2019-07-26T00:52:15.012407 #11591] ERROR -- : undefined method `[]' for nil:NilClass
E, [2019-07-26T00:52:15.087200 #11591] ERROR -- : undefined method `[]' for nil:NilClass
E, [2019-07-26T00:52:15.156088 #11591] ERROR -- : undefined method `[]' for nil:NilClass
E, [2019-07-26T00:52:15.226051 #11591] ERROR -- : undefined method `[]' for nil:NilClass
E, [2019-07-26T00:52:15.292298 #11591] ERROR -- : undefined method `[]' for nil:NilClass
E, [2019-07-26T00:52:15.365442 #11591] ERROR -- : undefined method `[]' for nil:NilClass
E, [2019-07-26T00:52:15.464513 #11591] ERROR -- : undefined method `[]' for nil:NilClass
E, [2019-07-26T00:52:15.538613 #11591] ERROR -- : undefined method `[]' for nil:NilClass
E, [2019-07-26T00:52:15.631927 #11591] ERROR -- : undefined method `[]' for nil:NilClass
E, [2019-07-26T00:52:15.719443 #11591] ERROR -- : undefined method `[]' for nil:NilClass
E, [2019-07-26T00:52:15.789238 #11591] ERROR -- : undefined method `[]' for nil:NilClass
E, [2019-07-26T00:52:15.854307 #11591] ERROR -- : undefined method `[]' for nil:NilClass
E, [2019-07-26T00:52:15.924126 #11591] ERROR -- : undefined method `[]' for nil:NilClass
E, [2019-07-26T00:52:15.997317 #11591] ERROR -- : undefined method `[]' for nil:NilClass
E, [2019-07-26T00:52:16.064171 #11591] ERROR -- : undefined method `[]' for nil:NilClass
E, [2019-07-26T00:52:16.136298 #11591] ERROR -- : undefined method `[]' for nil:NilClass
E, [2019-07-26T00:52:16.211306 #11591] ERROR -- : undefined method `[]' for nil:NilClass
E, [2019-07-26T00:52:16.282234 #11591] ERROR -- : undefined method `[]' for nil:NilClass
E, [2019-07-26T00:52:16.376412 #11591] ERROR -- : undefined method `[]' for nil:NilClass
E, [2019-07-26T00:52:16.468775 #11591] ERROR -- : undefined method `[]' for nil:NilClass
E, [2019-07-26T00:52:16.536093 #11591] ERROR -- : undefined method `[]' for nil:NilClass
E, [2019-07-26T00:52:16.606396 #11591] ERROR -- : undefined method `[]' for nil:NilClass
E, [2019-07-26T00:52:16.696841 #11591] ERROR -- : undefined method `[]' for nil:NilClass
E, [2019-07-26T00:52:16.778241 #11591] ERROR -- : undefined method `[]' for nil:NilClass
E, [2019-07-26T00:52:16.865346 #11591] ERROR -- : undefined method `[]' for nil:NilClass
E, [2019-07-26T00:52:16.942115 #11591] ERROR -- : undefined method `[]' for nil:NilClass
E, [2019-07-26T00:52:17.015027 #11591] ERROR -- : undefined method `[]' for nil:NilClass
E, [2019-07-26T00:52:17.090685 #11591] ERROR -- : undefined method `[]' for nil:NilClass
E, [2019-07-26T00:52:17.164593 #11591] ERROR -- : undefined method `[]' for nil:NilClass
E, [2019-07-26T00:52:17.227387 #11591] ERROR -- : undefined method `[]' for nil:NilClass
E, [2019-07-26T00:52:17.299970 #11591] ERROR -- : undefined method `[]' for nil:NilClass
E, [2019-07-26T00:52:17.367589 #11591] ERROR -- : undefined method `[]' for nil:NilClass
E, [2019-07-26T00:52:17.431302 #11591] ERROR -- : undefined method `[]' for nil:NilClass
E, [2019-07-26T00:52:17.496423 #11591] ERROR -- : undefined method `[]' for nil:NilClass
E, [2019-07-26T00:52:17.569444 #11591] ERROR -- : undefined method `[]' for nil:NilClass
E, [2019-07-26T00:52:17.673904 #11591] ERROR -- : undefined method `[]' for nil:NilClass
E, [2019-07-26T00:52:17.743834 #11591] ERROR -- : undefined method `[]' for nil:NilClass
E, [2019-07-26T00:52:17.815683 #11591] ERROR -- : undefined method `[]' for nil:NilClass
E, [2019-07-26T00:52:17.908030 #11591] ERROR -- : undefined method `[]' for nil:NilClass
E, [2019-07-26T00:52:18.026983 #11591] ERROR -- : undefined method `[]' for nil:NilClass
E, [2019-07-26T00:52:18.088048 #11591] ERROR -- : undefined method `[]' for nil:NilClass
E, [2019-07-26T00:52:18.180435 #11591] ERROR -- : undefined method `[]' for nil:NilClass
E, [2019-07-26T00:52:18.279688 #11591] ERROR -- : undefined method `[]' for nil:NilClass
E, [2019-07-26T00:52:18.349363 #11591] ERROR -- : undefined method `[]' for nil:NilClass
E, [2019-07-26T00:52:18.440335 #11591] ERROR -- : undefined method `[]' for nil:NilClass
E, [2019-07-26T00:52:18.506491 #11591] ERROR -- : undefined method `[]' for nil:NilClass
E, [2019-07-26T00:52:18.569494 #11591] ERROR -- : undefined method `[]' for nil:NilClass
E, [2019-07-26T00:52:18.650954 #11591] ERROR -- : undefined method `[]' for nil:NilClass
E, [2019-07-26T00:52:18.741237 #11591] ERROR -- : undefined method `[]' for nil:NilClass
E, [2019-07-26T00:52:18.837136 #11591] ERROR -- : undefined method `[]' for nil:NilClass
E, [2019-07-26T00:52:18.932717 #11591] ERROR -- : undefined method `[]' for nil:NilClass
E, [2019-07-26T00:52:19.033696 #11591] ERROR -- : undefined method `[]' for nil:NilClass
E, [2019-07-26T00:52:19.098191 #11591] ERROR -- : undefined method `[]' for nil:NilClass
E, [2019-07-26T00:52:19.168767 #11591] ERROR -- : undefined method `[]' for nil:NilClass
E, [2019-07-26T00:52:19.239892 #11591] ERROR -- : undefined method `[]' for nil:NilClass
E, [2019-07-26T00:52:19.307310 #11591] ERROR -- : undefined method `[]' for nil:NilClass
E, [2019-07-26T00:52:19.381176 #11591] ERROR -- : undefined method `[]' for nil:NilClass
E, [2019-07-26T00:52:19.461418 #11591] ERROR -- : undefined method `[]' for nil:NilClass
E, [2019-07-26T00:52:19.532177 #11591] ERROR -- : undefined method `[]' for nil:NilClass
E, [2019-07-26T00:52:19.637719 #11591] ERROR -- : undefined method `[]' for nil:NilClass
E, [2019-07-26T00:52:19.711394 #11591] ERROR -- : undefined method `[]' for nil:NilClass
E, [2019-07-26T00:52:19.779761 #11591] ERROR -- : undefined method `[]' for nil:NilClass
E, [2019-07-26T00:52:19.892756 #11591] ERROR -- : undefined method `[]' for nil:NilClass
E, [2019-07-26T00:52:19.995206 #11591] ERROR -- : undefined method `[]' for nil:NilClass
E, [2019-07-26T00:52:20.062116 #11591] ERROR -- : undefined method `[]' for nil:NilClass
E, [2019-07-26T00:52:20.155193 #11591] ERROR -- : undefined method `[]' for nil:NilClass
E, [2019-07-26T00:52:20.224466 #11591] ERROR -- : undefined method `[]' for nil:NilClass
E, [2019-07-26T00:52:20.296760 #11591] ERROR -- : undefined method `[]' for nil:NilClass
E, [2019-07-26T00:52:20.367576 #11591] ERROR -- : undefined method `[]' for nil:NilClass
E, [2019-07-26T00:52:20.457727 #11591] ERROR -- : undefined method `[]' for nil:NilClass
E, [2019-07-26T00:52:20.527841 #11591] ERROR -- : undefined method `[]' for nil:NilClass
E, [2019-07-26T00:52:20.629169 #11591] ERROR -- : undefined method `[]' for nil:NilClass
E, [2019-07-26T00:52:20.721960 #11591] ERROR -- : undefined method `[]' for nil:NilClass
E, [2019-07-26T00:52:20.813119 #11591] ERROR -- : undefined method `[]' for nil:NilClass
E, [2019-07-26T00:52:20.901050 #11591] ERROR -- : undefined method `[]' for nil:NilClass
E, [2019-07-26T00:52:20.998424 #11591] ERROR -- : undefined method `[]' for nil:NilClass
E, [2019-07-26T00:52:21.099981 #11591] ERROR -- : undefined method `[]' for nil:NilClass
E, [2019-07-26T00:52:21.181680 #11591] ERROR -- : undefined method `[]' for nil:NilClass
E, [2019-07-26T00:52:21.280618 #11591] ERROR -- : undefined method `[]' for nil:NilClass
E, [2019-07-26T00:52:21.379439 #11591] ERROR -- : undefined method `[]' for nil:NilClass
E, [2019-07-26T00:52:21.472975 #11591] ERROR -- : undefined method `[]' for nil:NilClass
E, [2019-07-26T00:52:21.565815 #11591] ERROR -- : undefined method `[]' for nil:NilClass
E, [2019-07-26T00:52:21.652939 #11591] ERROR -- : undefined method `[]' for nil:NilClass
E, [2019-07-26T00:52:21.736857 #11591] ERROR -- : undefined method `[]' for nil:NilClass
E, [2019-07-26T00:52:21.819480 #11591] ERROR -- : undefined method `[]' for nil:NilClass
E, [2019-07-26T00:52:21.919064 #11591] ERROR -- : undefined method `[]' for nil:NilClass
E, [2019-07-26T00:52:21.994058 #11591] ERROR -- : undefined method `[]' for nil:NilClass
E, [2019-07-26T00:52:22.065986 #11591] ERROR -- : undefined method `[]' for nil:NilClass
E, [2019-07-26T00:52:22.159442 #11591] ERROR -- : undefined method `[]' for nil:NilClass
E, [2019-07-26T00:52:22.227525 #11591] ERROR -- : undefined method `[]' for nil:NilClass
E, [2019-07-26T00:52:22.303987 #11591] ERROR -- : undefined method `[]' for nil:NilClass
E, [2019-07-26T00:52:22.374616 #11591] ERROR -- : undefined method `[]' for nil:NilClass
E, [2019-07-26T00:52:22.444860 #11591] ERROR -- : undefined method `[]' for nil:NilClass
E, [2019-07-26T00:52:22.515857 #11591] ERROR -- : undefined method `[]' for nil:NilClass
E, [2019-07-26T00:52:22.585327 #11591] ERROR -- : undefined method `[]' for nil:NilClass
E, [2019-07-26T00:52:22.657659 #11591] ERROR -- : undefined method `[]' for nil:NilClass
E, [2019-07-26T00:52:22.752782 #11591] ERROR -- : undefined method `[]' for nil:NilClass
E, [2019-07-26T00:52:22.820868 #11591] ERROR -- : undefined method `[]' for nil:NilClass
E, [2019-07-26T00:52:22.891112 #11591] ERROR -- : undefined method `[]' for nil:NilClass
E, [2019-07-26T00:52:22.959237 #11591] ERROR -- : undefined method `[]' for nil:NilClass
E, [2019-07-26T00:52:23.030822 #11591] ERROR -- : undefined method `[]' for nil:NilClass
E, [2019-07-26T00:52:23.099279 #11591] ERROR -- : undefined method `[]' for nil:NilClass
E, [2019-07-26T00:52:23.198871 #11591] ERROR -- : undefined method `[]' for nil:NilClass
E, [2019-07-26T00:52:23.269762 #11591] ERROR -- : undefined method `[]' for nil:NilClass
E, [2019-07-26T00:52:23.334144 #11591] ERROR -- : undefined method `[]' for nil:NilClass
E, [2019-07-26T00:52:23.405227 #11591] ERROR -- : undefined method `[]' for nil:NilClass
E, [2019-07-26T00:52:23.498987 #11591] ERROR -- : undefined method `[]' for nil:NilClass
E, [2019-07-26T00:52:23.588699 #11591] ERROR -- : undefined method `[]' for nil:NilClass
E, [2019-07-26T00:52:23.659854 #11591] ERROR -- : undefined method `[]' for nil:NilClass
E, [2019-07-26T00:52:23.729715 #11591] ERROR -- : undefined method `[]' for nil:NilClass
E, [2019-07-26T00:52:23.810502 #11591] ERROR -- : undefined method `[]' for nil:NilClass
E, [2019-07-26T00:52:23.878870 #11591] ERROR -- : undefined method `[]' for nil:NilClass
E, [2019-07-26T00:52:23.943964 #11591] ERROR -- : undefined method `[]' for nil:NilClass
E, [2019-07-26T00:52:24.037692 #11591] ERROR -- : undefined method `[]' for nil:NilClass
E, [2019-07-26T00:52:24.134210 #11591] ERROR -- : undefined method `[]' for nil:NilClass
E, [2019-07-26T00:52:24.202817 #11591] ERROR -- : undefined method `[]' for nil:NilClass
E, [2019-07-26T00:52:24.267643 #11591] ERROR -- : undefined method `[]' for nil:NilClass
E, [2019-07-26T00:52:24.358932 #11591] ERROR -- : undefined method `[]' for nil:NilClass
E, [2019-07-26T00:52:24.429400 #11591] ERROR -- : undefined method `[]' for nil:NilClass
E, [2019-07-30T01:18:02.308165 #22194] ERROR -- : wrong number of arguments (given 1, expected 0)
E, [2019-07-30T01:18:02.374467 #22194] ERROR -- : wrong number of arguments (given 1, expected 0)
E, [2019-07-30T01:18:02.441995 #22194] ERROR -- : wrong number of arguments (given 1, expected 0)
E, [2019-07-30T01:18:02.510807 #22194] ERROR -- : wrong number of arguments (given 1, expected 0)
E, [2019-07-30T01:18:02.631560 #22194] ERROR -- : wrong number of arguments (given 1, expected 0)
E, [2019-07-30T01:18:02.707088 #22194] ERROR -- : wrong number of arguments (given 1, expected 0)
E, [2019-07-30T01:18:02.798919 #22194] ERROR -- : wrong number of arguments (given 1, expected 0)
E, [2019-07-30T01:18:02.889246 #22194] ERROR -- : wrong number of arguments (given 1, expected 0)
E, [2019-07-30T01:18:02.978159 #22194] ERROR -- : wrong number of arguments (given 1, expected 0)
E, [2019-07-30T01:18:03.067518 #22194] ERROR -- : wrong number of arguments (given 1, expected 0)
E, [2019-07-30T01:18:03.156465 #22194] ERROR -- : wrong number of arguments (given 1, expected 0)
E, [2019-07-30T01:18:03.224302 #22194] ERROR -- : wrong number of arguments (given 1, expected 0)
E, [2019-07-30T01:18:03.292748 #22194] ERROR -- : wrong number of arguments (given 1, expected 0)
E, [2019-07-30T01:18:03.365358 #22194] ERROR -- : wrong number of arguments (given 1, expected 0)
E, [2019-07-30T01:18:03.434516 #22194] ERROR -- : wrong number of arguments (given 1, expected 0)
E, [2019-07-30T01:18:03.516313 #22194] ERROR -- : wrong number of arguments (given 1, expected 0)
E, [2019-07-30T01:18:03.598478 #22194] ERROR -- : wrong number of arguments (given 1, expected 0)
E, [2019-07-30T01:18:03.671418 #22194] ERROR -- : wrong number of arguments (given 1, expected 0)
E, [2019-07-30T01:18:03.767236 #22194] ERROR -- : wrong number of arguments (given 1, expected 0)
E, [2019-07-30T01:18:03.833018 #22194] ERROR -- : wrong number of arguments (given 1, expected 0)
E, [2019-07-30T01:18:03.902857 #22194] ERROR -- : wrong number of arguments (given 1, expected 0)
E, [2019-07-30T01:18:03.969821 #22194] ERROR -- : wrong number of arguments (given 1, expected 0)
E, [2019-07-30T01:18:04.048227 #22194] ERROR -- : wrong number of arguments (given 1, expected 0)
E, [2019-07-30T01:18:04.139690 #22194] ERROR -- : wrong number of arguments (given 1, expected 0)
E, [2019-07-30T01:18:04.213422 #22194] ERROR -- : wrong number of arguments (given 1, expected 0)
E, [2019-07-30T01:18:04.282064 #22194] ERROR -- : wrong number of arguments (given 1, expected 0)
E, [2019-07-30T01:18:04.352369 #22194] ERROR -- : wrong number of arguments (given 1, expected 0)
E, [2019-07-30T01:18:04.437325 #22194] ERROR -- : wrong number of arguments (given 1, expected 0)
E, [2019-07-30T01:18:04.503787 #22194] ERROR -- : wrong number of arguments (given 1, expected 0)
E, [2019-07-30T01:18:04.604010 #22194] ERROR -- : wrong number of arguments (given 1, expected 0)
E, [2019-07-30T01:18:04.694870 #22194] ERROR -- : wrong number of arguments (given 1, expected 0)
E, [2019-07-30T01:18:04.798428 #22194] ERROR -- : wrong number of arguments (given 1, expected 0)
E, [2019-07-30T01:18:04.889677 #22194] ERROR -- : wrong number of arguments (given 1, expected 0)
E, [2019-07-30T01:18:04.974200 #22194] ERROR -- : wrong number of arguments (given 1, expected 0)
E, [2019-07-30T01:18:05.038379 #22194] ERROR -- : wrong number of arguments (given 1, expected 0)
E, [2019-07-30T01:18:05.111315 #22194] ERROR -- : wrong number of arguments (given 1, expected 0)
E, [2019-07-30T01:18:05.183123 #22194] ERROR -- : wrong number of arguments (given 1, expected 0)
E, [2019-07-30T01:18:05.251122 #22194] ERROR -- : wrong number of arguments (given 1, expected 0)
E, [2019-07-30T01:18:05.325312 #22194] ERROR -- : wrong number of arguments (given 1, expected 0)
E, [2019-07-30T01:18:05.399916 #22194] ERROR -- : wrong number of arguments (given 1, expected 0)
E, [2019-07-30T01:18:05.471431 #22194] ERROR -- : wrong number of arguments (given 1, expected 0)
E, [2019-07-30T01:18:05.569771 #22194] ERROR -- : wrong number of arguments (given 1, expected 0)
E, [2019-07-30T01:18:05.639950 #22194] ERROR -- : wrong number of arguments (given 1, expected 0)
E, [2019-07-30T01:18:05.710579 #22194] ERROR -- : wrong number of arguments (given 1, expected 0)
E, [2019-07-30T01:18:05.785226 #22194] ERROR -- : wrong number of arguments (given 1, expected 0)
E, [2019-07-30T01:18:05.869457 #22194] ERROR -- : wrong number of arguments (given 1, expected 0)
E, [2019-07-30T01:18:05.945633 #22194] ERROR -- : wrong number of arguments (given 1, expected 0)
E, [2019-07-30T01:18:06.030207 #22194] ERROR -- : wrong number of arguments (given 1, expected 0)
E, [2019-07-30T01:18:06.103946 #22194] ERROR -- : wrong number of arguments (given 1, expected 0)
E, [2019-07-30T01:18:06.172995 #22194] ERROR -- : wrong number of arguments (given 1, expected 0)
E, [2019-07-30T01:18:06.260299 #22194] ERROR -- : wrong number of arguments (given 1, expected 0)
E, [2019-07-30T01:18:06.332619 #22194] ERROR -- : wrong number of arguments (given 1, expected 0)
E, [2019-07-30T01:18:06.403270 #22194] ERROR -- : wrong number of arguments (given 1, expected 0)
E, [2019-07-30T01:18:06.479844 #22194] ERROR -- : wrong number of arguments (given 1, expected 0)
E, [2019-07-30T01:18:06.558583 #22194] ERROR -- : wrong number of arguments (given 1, expected 0)
E, [2019-07-30T01:18:06.637219 #22194] ERROR -- : wrong number of arguments (given 1, expected 0)
E, [2019-07-30T01:18:06.710833 #22194] ERROR -- : wrong number of arguments (given 1, expected 0)
E, [2019-07-30T01:18:06.780604 #22194] ERROR -- : wrong number of arguments (given 1, expected 0)
E, [2019-07-30T01:18:06.858505 #22194] ERROR -- : wrong number of arguments (given 1, expected 0)
E, [2019-07-30T01:18:06.929202 #22194] ERROR -- : wrong number of arguments (given 1, expected 0)
E, [2019-07-30T01:18:06.999874 #22194] ERROR -- : wrong number of arguments (given 1, expected 0)
E, [2019-07-30T01:18:07.092845 #22194] ERROR -- : wrong number of arguments (given 1, expected 0)
E, [2019-07-30T01:18:07.198243 #22194] ERROR -- : wrong number of arguments (given 1, expected 0)
E, [2019-07-30T01:18:07.269265 #22194] ERROR -- : wrong number of arguments (given 1, expected 0)
E, [2019-07-30T01:18:07.362876 #22194] ERROR -- : wrong number of arguments (given 1, expected 0)
E, [2019-07-30T01:18:07.456043 #22194] ERROR -- : wrong number of arguments (given 1, expected 0)
E, [2019-07-30T01:18:07.524699 #22194] ERROR -- : wrong number of arguments (given 1, expected 0)
E, [2019-07-30T01:18:07.622223 #22194] ERROR -- : wrong number of arguments (given 1, expected 0)
E, [2019-07-30T01:18:07.699997 #22194] ERROR -- : wrong number of arguments (given 1, expected 0)
E, [2019-07-30T01:18:07.773251 #22194] ERROR -- : wrong number of arguments (given 1, expected 0)
E, [2019-07-30T01:18:07.837287 #22194] ERROR -- : wrong number of arguments (given 1, expected 0)
E, [2019-07-30T01:18:07.911662 #22194] ERROR -- : wrong number of arguments (given 1, expected 0)
E, [2019-07-30T01:18:08.030455 #22194] ERROR -- : wrong number of arguments (given 1, expected 0)
E, [2019-07-30T01:18:08.136923 #22194] ERROR -- : wrong number of arguments (given 1, expected 0)
E, [2019-07-30T01:18:08.246511 #22194] ERROR -- : wrong number of arguments (given 1, expected 0)
E, [2019-07-30T01:18:08.313740 #22194] ERROR -- : wrong number of arguments (given 1, expected 0)
E, [2019-07-30T01:18:08.394879 #22194] ERROR -- : wrong number of arguments (given 1, expected 0)
E, [2019-07-30T01:18:08.488023 #22194] ERROR -- : wrong number of arguments (given 1, expected 0)
E, [2019-07-30T01:18:08.555771 #22194] ERROR -- : wrong number of arguments (given 1, expected 0)
E, [2019-07-30T01:18:08.633045 #22194] ERROR -- : wrong number of arguments (given 1, expected 0)
E, [2019-07-30T01:18:08.705892 #22194] ERROR -- : wrong number of arguments (given 1, expected 0)
E, [2019-07-30T01:18:08.779189 #22194] ERROR -- : wrong number of arguments (given 1, expected 0)
E, [2019-07-30T01:18:08.849690 #22194] ERROR -- : wrong number of arguments (given 1, expected 0)
E, [2019-07-30T01:18:08.917982 #22194] ERROR -- : wrong number of arguments (given 1, expected 0)
E, [2019-07-30T01:18:08.988037 #22194] ERROR -- : wrong number of arguments (given 1, expected 0)
E, [2019-07-30T01:18:09.086951 #22194] ERROR -- : wrong number of arguments (given 1, expected 0)
E, [2019-07-30T01:18:09.187759 #22194] ERROR -- : wrong number of arguments (given 1, expected 0)
E, [2019-07-30T01:18:09.259661 #22194] ERROR -- : wrong number of arguments (given 1, expected 0)
E, [2019-07-30T01:18:09.383985 #22194] ERROR -- : wrong number of arguments (given 1, expected 0)
E, [2019-07-30T01:18:09.453744 #22194] ERROR -- : wrong number of arguments (given 1, expected 0)
E, [2019-07-30T01:18:09.525604 #22194] ERROR -- : wrong number of arguments (given 1, expected 0)
E, [2019-07-30T01:18:09.621309 #22194] ERROR -- : wrong number of arguments (given 1, expected 0)
E, [2019-07-30T01:18:09.754719 #22194] ERROR -- : wrong number of arguments (given 1, expected 0)
E, [2019-07-30T01:18:09.826842 #22194] ERROR -- : wrong number of arguments (given 1, expected 0)
E, [2019-07-30T01:18:09.905415 #22194] ERROR -- : wrong number of arguments (given 1, expected 0)
E, [2019-07-30T01:18:10.002944 #22194] ERROR -- : wrong number of arguments (given 1, expected 0)
E, [2019-07-30T01:18:10.099293 #22194] ERROR -- : wrong number of arguments (given 1, expected 0)
E, [2019-07-30T01:18:10.188077 #22194] ERROR -- : wrong number of arguments (given 1, expected 0)
E, [2019-07-30T01:18:10.283820 #22194] ERROR -- : wrong number of arguments (given 1, expected 0)
E, [2019-07-30T01:18:10.378499 #22194] ERROR -- : wrong number of arguments (given 1, expected 0)
E, [2019-07-30T01:18:10.493078 #22194] ERROR -- : wrong number of arguments (given 1, expected 0)
E, [2019-07-30T01:18:10.590691 #22194] ERROR -- : wrong number of arguments (given 1, expected 0)
E, [2019-07-30T01:18:10.686965 #22194] ERROR -- : wrong number of arguments (given 1, expected 0)
E, [2019-07-30T01:18:10.787888 #22194] ERROR -- : wrong number of arguments (given 1, expected 0)
E, [2019-07-30T01:18:10.882261 #22194] ERROR -- : wrong number of arguments (given 1, expected 0)
E, [2019-07-30T01:18:10.953038 #22194] ERROR -- : wrong number of arguments (given 1, expected 0)
E, [2019-07-30T01:18:11.041673 #22194] ERROR -- : wrong number of arguments (given 1, expected 0)
E, [2019-07-30T01:18:11.120537 #22194] ERROR -- : wrong number of arguments (given 1, expected 0)
E, [2019-07-30T01:18:11.218706 #22194] ERROR -- : wrong number of arguments (given 1, expected 0)
E, [2019-07-30T01:18:11.342869 #22194] ERROR -- : wrong number of arguments (given 1, expected 0)
E, [2019-07-30T01:18:11.410555 #22194] ERROR -- : wrong number of arguments (given 1, expected 0)
E, [2019-07-30T01:18:11.505503 #22194] ERROR -- : wrong number of arguments (given 1, expected 0)
E, [2019-07-30T01:18:11.572211 #22194] ERROR -- : wrong number of arguments (given 1, expected 0)
E, [2019-07-30T01:18:11.646182 #22194] ERROR -- : wrong number of arguments (given 1, expected 0)
E, [2019-07-30T01:18:11.730999 #22194] ERROR -- : wrong number of arguments (given 1, expected 0)
E, [2019-07-30T01:18:11.804206 #22194] ERROR -- : wrong number of arguments (given 1, expected 0)
E, [2019-07-30T01:18:11.874898 #22194] ERROR -- : wrong number of arguments (given 1, expected 0)
E, [2019-07-30T01:18:11.938827 #22194] ERROR -- : wrong number of arguments (given 1, expected 0)
E, [2019-07-30T01:18:12.016311 #22194] ERROR -- : wrong number of arguments (given 1, expected 0)
E, [2019-07-30T01:18:12.113122 #22194] ERROR -- : wrong number of arguments (given 1, expected 0)
E, [2019-07-30T01:18:12.181684 #22194] ERROR -- : wrong number of arguments (given 1, expected 0)
E, [2019-07-30T01:18:12.260036 #22194] ERROR -- : wrong number of arguments (given 1, expected 0)
E, [2019-07-30T01:18:12.365246 #22194] ERROR -- : wrong number of arguments (given 1, expected 0)
E, [2019-07-30T01:18:12.444833 #22194] ERROR -- : wrong number of arguments (given 1, expected 0)
E, [2019-07-30T01:18:12.529441 #22194] ERROR -- : wrong number of arguments (given 1, expected 0)
E, [2019-07-30T01:18:12.613436 #22194] ERROR -- : wrong number of arguments (given 1, expected 0)
E, [2019-07-30T01:18:12.682934 #22194] ERROR -- : wrong number of arguments (given 1, expected 0)
E, [2019-07-30T01:18:12.774068 #22194] ERROR -- : wrong number of arguments (given 1, expected 0)
E, [2019-07-30T01:18:12.848292 #22194] ERROR -- : wrong number of arguments (given 1, expected 0)
E, [2019-07-30T01:18:12.967916 #22194] ERROR -- : wrong number of arguments (given 1, expected 0)
E, [2019-07-30T01:18:13.059200 #22194] ERROR -- : wrong number of arguments (given 1, expected 0)
E, [2019-07-30T01:18:13.127677 #22194] ERROR -- : wrong number of arguments (given 1, expected 0)
E, [2019-07-30T01:18:13.199563 #22194] ERROR -- : wrong number of arguments (given 1, expected 0)
E, [2019-07-30T01:18:13.267406 #22194] ERROR -- : wrong number of arguments (given 1, expected 0)
E, [2019-07-30T01:18:13.334095 #22194] ERROR -- : wrong number of arguments (given 1, expected 0)
E, [2019-07-30T01:18:13.403872 #22194] ERROR -- : wrong number of arguments (given 1, expected 0)
E, [2019-07-30T01:18:13.501989 #22194] ERROR -- : wrong number of arguments (given 1, expected 0)
E, [2019-07-30T01:18:13.602978 #22194] ERROR -- : wrong number of arguments (given 1, expected 0)
E, [2019-07-30T01:18:13.674658 #22194] ERROR -- : wrong number of arguments (given 1, expected 0)
E, [2019-07-30T01:18:13.750896 #22194] ERROR -- : wrong number of arguments (given 1, expected 0)
E, [2019-07-30T01:18:13.846606 #22194] ERROR -- : wrong number of arguments (given 1, expected 0)
E, [2019-07-30T01:18:13.917068 #22194] ERROR -- : wrong number of arguments (given 1, expected 0)
E, [2019-07-30T01:18:36.144829 #22234] ERROR -- : wrong number of arguments (given 1, expected 0)
E, [2019-07-30T01:18:36.230244 #22234] ERROR -- : wrong number of arguments (given 1, expected 0)
E, [2019-07-30T01:18:36.295105 #22234] ERROR -- : wrong number of arguments (given 1, expected 0)
E, [2019-07-30T01:18:36.367689 #22234] ERROR -- : wrong number of arguments (given 1, expected 0)
E, [2019-07-30T01:18:36.435409 #22234] ERROR -- : wrong number of arguments (given 1, expected 0)
E, [2019-07-30T01:18:36.502807 #22234] ERROR -- : wrong number of arguments (given 1, expected 0)
E, [2019-07-30T01:18:36.603626 #22234] ERROR -- : wrong number of arguments (given 1, expected 0)
E, [2019-07-30T01:18:36.707098 #22234] ERROR -- : wrong number of arguments (given 1, expected 0)
E, [2019-07-30T01:18:36.804584 #22234] ERROR -- : wrong number of arguments (given 1, expected 0)
E, [2019-07-30T01:18:36.893761 #22234] ERROR -- : wrong number of arguments (given 1, expected 0)
E, [2019-07-30T01:18:36.987922 #22234] ERROR -- : wrong number of arguments (given 1, expected 0)
E, [2019-07-30T01:18:37.052019 #22234] ERROR -- : wrong number of arguments (given 1, expected 0)
E, [2019-07-30T01:18:37.123581 #22234] ERROR -- : wrong number of arguments (given 1, expected 0)
E, [2019-07-30T01:18:37.198298 #22234] ERROR -- : wrong number of arguments (given 1, expected 0)
E, [2019-07-30T01:18:37.264955 #22234] ERROR -- : wrong number of arguments (given 1, expected 0)
E, [2019-07-30T01:18:37.357130 #22234] ERROR -- : wrong number of arguments (given 1, expected 0)
E, [2019-07-30T01:18:37.433479 #22234] ERROR -- : wrong number of arguments (given 1, expected 0)
E, [2019-07-30T01:18:37.505747 #22234] ERROR -- : wrong number of arguments (given 1, expected 0)
E, [2019-07-30T01:18:37.610433 #22234] ERROR -- : wrong number of arguments (given 1, expected 0)
E, [2019-07-30T01:18:37.699596 #22234] ERROR -- : wrong number of arguments (given 1, expected 0)
E, [2019-07-30T01:18:37.776708 #22234] ERROR -- : wrong number of arguments (given 1, expected 0)
E, [2019-07-30T01:18:37.850476 #22234] ERROR -- : wrong number of arguments (given 1, expected 0)
E, [2019-07-30T01:18:37.920654 #22234] ERROR -- : wrong number of arguments (given 1, expected 0)
E, [2019-07-30T01:18:37.989280 #22234] ERROR -- : wrong number of arguments (given 1, expected 0)
E, [2019-07-30T01:18:38.065457 #22234] ERROR -- : wrong number of arguments (given 1, expected 0)
E, [2019-07-30T01:18:38.136275 #22234] ERROR -- : wrong number of arguments (given 1, expected 0)
E, [2019-07-30T01:18:38.208738 #22234] ERROR -- : wrong number of arguments (given 1, expected 0)
E, [2019-07-30T01:18:38.278515 #22234] ERROR -- : wrong number of arguments (given 1, expected 0)
E, [2019-07-30T01:18:38.344146 #22234] ERROR -- : wrong number of arguments (given 1, expected 0)
E, [2019-07-30T01:18:38.451264 #22234] ERROR -- : wrong number of arguments (given 1, expected 0)
E, [2019-07-30T01:18:38.549630 #22234] ERROR -- : wrong number of arguments (given 1, expected 0)
E, [2019-07-30T01:18:38.622341 #22234] ERROR -- : wrong number of arguments (given 1, expected 0)
E, [2019-07-30T01:18:38.710100 #22234] ERROR -- : wrong number of arguments (given 1, expected 0)
E, [2019-07-30T01:18:38.785880 #22234] ERROR -- : wrong number of arguments (given 1, expected 0)
E, [2019-07-30T01:18:38.853029 #22234] ERROR -- : wrong number of arguments (given 1, expected 0)
E, [2019-07-30T01:18:38.922076 #22234] ERROR -- : wrong number of arguments (given 1, expected 0)
E, [2019-07-30T01:18:38.988649 #22234] ERROR -- : wrong number of arguments (given 1, expected 0)
E, [2019-07-30T01:18:39.054484 #22234] ERROR -- : wrong number of arguments (given 1, expected 0)
E, [2019-07-30T01:18:39.120305 #22234] ERROR -- : wrong number of arguments (given 1, expected 0)
E, [2019-07-30T01:18:39.184733 #22234] ERROR -- : wrong number of arguments (given 1, expected 0)
E, [2019-07-30T01:18:39.287228 #22234] ERROR -- : wrong number of arguments (given 1, expected 0)
E, [2019-07-30T01:18:39.388927 #22234] ERROR -- : wrong number of arguments (given 1, expected 0)
E, [2019-07-30T01:18:39.458344 #22234] ERROR -- : wrong number of arguments (given 1, expected 0)
E, [2019-07-30T01:18:39.528796 #22234] ERROR -- : wrong number of arguments (given 1, expected 0)
E, [2019-07-30T01:18:39.594561 #22234] ERROR -- : wrong number of arguments (given 1, expected 0)
E, [2019-07-30T01:18:39.661544 #22234] ERROR -- : wrong number of arguments (given 1, expected 0)
E, [2019-07-30T01:18:39.729248 #22234] ERROR -- : wrong number of arguments (given 1, expected 0)
E, [2019-07-30T01:18:39.805507 #22234] ERROR -- : wrong number of arguments (given 1, expected 0)
E, [2019-07-30T01:18:39.878724 #22234] ERROR -- : wrong number of arguments (given 1, expected 0)
E, [2019-07-30T01:18:39.949481 #22234] ERROR -- : wrong number of arguments (given 1, expected 0)
E, [2019-07-30T01:18:40.020428 #22234] ERROR -- : wrong number of arguments (given 1, expected 0)
E, [2019-07-30T01:18:40.093303 #22234] ERROR -- : wrong number of arguments (given 1, expected 0)
E, [2019-07-30T01:18:40.186480 #22234] ERROR -- : wrong number of arguments (given 1, expected 0)
E, [2019-07-30T01:18:40.260644 #22234] ERROR -- : wrong number of arguments (given 1, expected 0)
E, [2019-07-30T01:18:40.335242 #22234] ERROR -- : wrong number of arguments (given 1, expected 0)
E, [2019-07-30T01:18:40.408322 #22234] ERROR -- : wrong number of arguments (given 1, expected 0)
E, [2019-07-30T01:18:40.492559 #22234] ERROR -- : wrong number of arguments (given 1, expected 0)
E, [2019-07-30T01:18:40.568501 #22234] ERROR -- : wrong number of arguments (given 1, expected 0)
E, [2019-07-30T01:18:40.665709 #22234] ERROR -- : wrong number of arguments (given 1, expected 0)
E, [2019-07-30T01:18:40.743768 #22234] ERROR -- : wrong number of arguments (given 1, expected 0)
E, [2019-07-30T01:18:40.874420 #22234] ERROR -- : wrong number of arguments (given 1, expected 0)
E, [2019-07-30T01:18:40.986338 #22234] ERROR -- : wrong number of arguments (given 1, expected 0)
E, [2019-07-30T01:18:41.085683 #22234] ERROR -- : wrong number of arguments (given 1, expected 0)
E, [2019-07-30T01:18:41.155011 #22234] ERROR -- : wrong number of arguments (given 1, expected 0)
E, [2019-07-30T01:18:41.247646 #22234] ERROR -- : wrong number of arguments (given 1, expected 0)
E, [2019-07-30T01:18:41.344508 #22234] ERROR -- : wrong number of arguments (given 1, expected 0)
E, [2019-07-30T01:18:41.413455 #22234] ERROR -- : wrong number of arguments (given 1, expected 0)
E, [2019-07-30T01:18:41.486377 #22234] ERROR -- : wrong number of arguments (given 1, expected 0)
E, [2019-07-30T01:18:41.555955 #22234] ERROR -- : wrong number of arguments (given 1, expected 0)
E, [2019-07-30T01:18:41.623384 #22234] ERROR -- : wrong number of arguments (given 1, expected 0)
E, [2019-07-30T01:18:41.709355 #22234] ERROR -- : wrong number of arguments (given 1, expected 0)
E, [2019-07-30T01:18:41.783457 #22234] ERROR -- : wrong number of arguments (given 1, expected 0)
E, [2019-07-30T01:18:41.898710 #22234] ERROR -- : wrong number of arguments (given 1, expected 0)
E, [2019-07-30T01:18:41.981441 #22234] ERROR -- : wrong number of arguments (given 1, expected 0)
E, [2019-07-30T01:18:42.096030 #22234] ERROR -- : wrong number of arguments (given 1, expected 0)
E, [2019-07-30T01:18:42.227003 #22234] ERROR -- : wrong number of arguments (given 1, expected 0)
E, [2019-07-30T01:18:42.292713 #22234] ERROR -- : wrong number of arguments (given 1, expected 0)
E, [2019-07-30T01:18:42.367205 #22234] ERROR -- : wrong number of arguments (given 1, expected 0)
E, [2019-07-30T01:18:42.437221 #22234] ERROR -- : wrong number of arguments (given 1, expected 0)
E, [2019-07-30T01:18:42.505002 #22234] ERROR -- : wrong number of arguments (given 1, expected 0)
E, [2019-07-30T01:18:42.576076 #22234] ERROR -- : wrong number of arguments (given 1, expected 0)
E, [2019-07-30T01:18:42.643615 #22234] ERROR -- : wrong number of arguments (given 1, expected 0)
E, [2019-07-30T01:18:42.710565 #22234] ERROR -- : wrong number of arguments (given 1, expected 0)
E, [2019-07-30T01:18:42.776666 #22234] ERROR -- : wrong number of arguments (given 1, expected 0)
E, [2019-07-30T01:18:42.860886 #22234] ERROR -- : wrong number of arguments (given 1, expected 0)
E, [2019-07-30T01:18:42.928131 #22234] ERROR -- : wrong number of arguments (given 1, expected 0)
E, [2019-07-30T01:18:43.029762 #22234] ERROR -- : wrong number of arguments (given 1, expected 0)
E, [2019-07-30T01:18:43.102838 #22234] ERROR -- : wrong number of arguments (given 1, expected 0)
E, [2019-07-30T01:18:43.219152 #22234] ERROR -- : wrong number of arguments (given 1, expected 0)
E, [2019-07-30T01:18:43.289180 #22234] ERROR -- : wrong number of arguments (given 1, expected 0)
E, [2019-07-30T01:18:43.362207 #22234] ERROR -- : wrong number of arguments (given 1, expected 0)
E, [2019-07-30T01:18:43.473575 #22234] ERROR -- : wrong number of arguments (given 1, expected 0)
E, [2019-07-30T01:18:43.568875 #22234] ERROR -- : wrong number of arguments (given 1, expected 0)
E, [2019-07-30T01:18:43.636931 #22234] ERROR -- : wrong number of arguments (given 1, expected 0)
E, [2019-07-30T01:18:43.743674 #22234] ERROR -- : wrong number of arguments (given 1, expected 0)
E, [2019-07-30T01:18:43.855547 #22234] ERROR -- : wrong number of arguments (given 1, expected 0)
E, [2019-07-30T01:18:43.935031 #22234] ERROR -- : wrong number of arguments (given 1, expected 0)
E, [2019-07-30T01:18:44.022882 #22234] ERROR -- : wrong number of arguments (given 1, expected 0)
E, [2019-07-30T01:18:44.119224 #22234] ERROR -- : wrong number of arguments (given 1, expected 0)
E, [2019-07-30T01:18:44.217072 #22234] ERROR -- : wrong number of arguments (given 1, expected 0)
E, [2019-07-30T01:18:44.296807 #22234] ERROR -- : wrong number of arguments (given 1, expected 0)
E, [2019-07-30T01:18:44.393628 #22234] ERROR -- : wrong number of arguments (given 1, expected 0)
E, [2019-07-30T01:18:44.490491 #22234] ERROR -- : wrong number of arguments (given 1, expected 0)
E, [2019-07-30T01:18:44.586843 #22234] ERROR -- : wrong number of arguments (given 1, expected 0)
E, [2019-07-30T01:18:44.651749 #22234] ERROR -- : wrong number of arguments (given 1, expected 0)
E, [2019-07-30T01:18:44.715510 #22234] ERROR -- : wrong number of arguments (given 1, expected 0)
E, [2019-07-30T01:18:44.812456 #22234] ERROR -- : wrong number of arguments (given 1, expected 0)
E, [2019-07-30T01:18:44.881519 #22234] ERROR -- : wrong number of arguments (given 1, expected 0)
E, [2019-07-30T01:18:44.981642 #22234] ERROR -- : wrong number of arguments (given 1, expected 0)
E, [2019-07-30T01:18:45.084457 #22234] ERROR -- : wrong number of arguments (given 1, expected 0)
E, [2019-07-30T01:18:45.167950 #22234] ERROR -- : wrong number of arguments (given 1, expected 0)
E, [2019-07-30T01:18:45.264788 #22234] ERROR -- : wrong number of arguments (given 1, expected 0)
E, [2019-07-30T01:18:45.330911 #22234] ERROR -- : wrong number of arguments (given 1, expected 0)
E, [2019-07-30T01:18:45.402636 #22234] ERROR -- : wrong number of arguments (given 1, expected 0)
E, [2019-07-30T01:18:45.475163 #22234] ERROR -- : wrong number of arguments (given 1, expected 0)
E, [2019-07-30T01:18:45.549482 #22234] ERROR -- : wrong number of arguments (given 1, expected 0)
E, [2019-07-30T01:18:45.618928 #22234] ERROR -- : wrong number of arguments (given 1, expected 0)
E, [2019-07-30T01:18:46.420687 #22234] ERROR -- : wrong number of arguments (given 1, expected 0)
E, [2019-07-30T01:18:46.503906 #22234] ERROR -- : wrong number of arguments (given 1, expected 0)
E, [2019-07-30T01:18:46.581994 #22234] ERROR -- : wrong number of arguments (given 1, expected 0)
E, [2019-07-30T01:18:46.652331 #22234] ERROR -- : wrong number of arguments (given 1, expected 0)
E, [2019-07-30T01:18:46.720714 #22234] ERROR -- : wrong number of arguments (given 1, expected 0)
E, [2019-07-30T01:18:46.814039 #22234] ERROR -- : wrong number of arguments (given 1, expected 0)
E, [2019-07-30T01:18:46.885667 #22234] ERROR -- : wrong number of arguments (given 1, expected 0)
E, [2019-07-30T01:18:46.958022 #22234] ERROR -- : wrong number of arguments (given 1, expected 0)
E, [2019-07-30T01:18:47.071872 #22234] ERROR -- : wrong number of arguments (given 1, expected 0)
E, [2019-07-30T01:18:47.149753 #22234] ERROR -- : wrong number of arguments (given 1, expected 0)
E, [2019-07-30T01:18:47.221518 #22234] ERROR -- : wrong number of arguments (given 1, expected 0)
E, [2019-07-30T01:18:47.293374 #22234] ERROR -- : wrong number of arguments (given 1, expected 0)
E, [2019-07-30T01:18:47.406929 #22234] ERROR -- : wrong number of arguments (given 1, expected 0)
E, [2019-07-30T01:18:47.501350 #22234] ERROR -- : wrong number of arguments (given 1, expected 0)
E, [2019-07-30T01:18:47.587720 #22234] ERROR -- : wrong number of arguments (given 1, expected 0)
E, [2019-07-30T01:18:47.658635 #22234] ERROR -- : wrong number of arguments (given 1, expected 0)
E, [2019-07-30T01:18:47.728404 #22234] ERROR -- : wrong number of arguments (given 1, expected 0)
E, [2019-07-30T01:18:47.797010 #22234] ERROR -- : wrong number of arguments (given 1, expected 0)
E, [2019-07-30T01:18:47.864654 #22234] ERROR -- : wrong number of arguments (given 1, expected 0)
E, [2019-07-30T01:18:47.958716 #22234] ERROR -- : wrong number of arguments (given 1, expected 0)
E, [2019-07-30T01:18:48.047478 #22234] ERROR -- : wrong number of arguments (given 1, expected 0)
E, [2019-07-30T01:18:48.134125 #22234] ERROR -- : wrong number of arguments (given 1, expected 0)
E, [2019-07-30T01:18:48.204920 #22234] ERROR -- : wrong number of arguments (given 1, expected 0)
E, [2019-07-30T01:18:48.307184 #22234] ERROR -- : wrong number of arguments (given 1, expected 0)
E, [2019-07-30T01:18:48.377583 #22234] ERROR -- : wrong number of arguments (given 1, expected 0)
E, [2019-07-30T01:41:57.641535 #22464] ERROR -- : wrong number of arguments (given 1, expected 0)
E, [2019-07-30T01:41:57.717861 #22464] ERROR -- : wrong number of arguments (given 1, expected 0)
E, [2019-07-30T01:41:57.784691 #22464] ERROR -- : wrong number of arguments (given 1, expected 0)
E, [2019-07-30T01:41:57.854299 #22464] ERROR -- : wrong number of arguments (given 1, expected 0)
E, [2019-07-30T01:41:57.922622 #22464] ERROR -- : wrong number of arguments (given 1, expected 0)
E, [2019-07-30T01:41:57.992310 #22464] ERROR -- : wrong number of arguments (given 1, expected 0)
E, [2019-07-30T01:41:58.085936 #22464] ERROR -- : wrong number of arguments (given 1, expected 0)
E, [2019-07-30T01:41:58.180223 #22464] ERROR -- : wrong number of arguments (given 1, expected 0)
E, [2019-07-30T01:41:58.276784 #22464] ERROR -- : wrong number of arguments (given 1, expected 0)
E, [2019-07-30T01:41:58.367186 #22464] ERROR -- : wrong number of arguments (given 1, expected 0)
E, [2019-07-30T01:41:58.459737 #22464] ERROR -- : wrong number of arguments (given 1, expected 0)
E, [2019-07-30T01:41:58.525792 #22464] ERROR -- : wrong number of arguments (given 1, expected 0)
E, [2019-07-30T01:41:58.593309 #22464] ERROR -- : wrong number of arguments (given 1, expected 0)
E, [2019-07-30T01:41:58.660605 #22464] ERROR -- : wrong number of arguments (given 1, expected 0)
E, [2019-07-30T01:41:58.729629 #22464] ERROR -- : wrong number of arguments (given 1, expected 0)
E, [2019-07-30T01:41:58.802359 #22464] ERROR -- : wrong number of arguments (given 1, expected 0)
E, [2019-07-30T01:41:58.871648 #22464] ERROR -- : wrong number of arguments (given 1, expected 0)
E, [2019-07-30T01:41:58.938534 #22464] ERROR -- : wrong number of arguments (given 1, expected 0)
E, [2019-07-30T01:41:59.051826 #22464] ERROR -- : wrong number of arguments (given 1, expected 0)
E, [2019-07-30T01:41:59.147458 #22464] ERROR -- : wrong number of arguments (given 1, expected 0)
E, [2019-07-30T01:41:59.223076 #22464] ERROR -- : wrong number of arguments (given 1, expected 0)
E, [2019-07-30T01:41:59.290123 #22464] ERROR -- : wrong number of arguments (given 1, expected 0)
E, [2019-07-30T01:41:59.356328 #22464] ERROR -- : wrong number of arguments (given 1, expected 0)
E, [2019-07-30T01:41:59.425432 #22464] ERROR -- : wrong number of arguments (given 1, expected 0)
E, [2019-07-30T01:41:59.493097 #22464] ERROR -- : wrong number of arguments (given 1, expected 0)
E, [2019-07-30T01:41:59.576817 #22464] ERROR -- : wrong number of arguments (given 1, expected 0)
E, [2019-07-30T01:41:59.641137 #22464] ERROR -- : wrong number of arguments (given 1, expected 0)
E, [2019-07-30T01:41:59.707731 #22464] ERROR -- : wrong number of arguments (given 1, expected 0)
E, [2019-07-30T01:41:59.776565 #22464] ERROR -- : wrong number of arguments (given 1, expected 0)
E, [2019-07-30T01:41:59.879157 #22464] ERROR -- : wrong number of arguments (given 1, expected 0)
E, [2019-07-30T01:41:59.970962 #22464] ERROR -- : wrong number of arguments (given 1, expected 0)
E, [2019-07-30T01:42:00.063348 #22464] ERROR -- : wrong number of arguments (given 1, expected 0)
E, [2019-07-30T01:42:00.155146 #22464] ERROR -- : wrong number of arguments (given 1, expected 0)
E, [2019-07-30T01:42:00.268606 #22464] ERROR -- : wrong number of arguments (given 1, expected 0)
E, [2019-07-30T01:42:00.355909 #22464] ERROR -- : wrong number of arguments (given 1, expected 0)
E, [2019-07-30T01:42:00.427869 #22464] ERROR -- : wrong number of arguments (given 1, expected 0)
E, [2019-07-30T01:42:00.498482 #22464] ERROR -- : wrong number of arguments (given 1, expected 0)
E, [2019-07-30T01:42:00.565986 #22464] ERROR -- : wrong number of arguments (given 1, expected 0)
E, [2019-07-30T01:42:00.633926 #22464] ERROR -- : wrong number of arguments (given 1, expected 0)
E, [2019-07-30T01:42:00.703650 #22464] ERROR -- : wrong number of arguments (given 1, expected 0)
E, [2019-07-30T01:42:01.073222 #22464] ERROR -- : wrong number of arguments (given 1, expected 0)
E, [2019-07-30T01:42:01.166076 #22464] ERROR -- : wrong number of arguments (given 1, expected 0)
E, [2019-07-30T01:42:01.232304 #22464] ERROR -- : wrong number of arguments (given 1, expected 0)
E, [2019-07-30T01:42:01.306137 #22464] ERROR -- : wrong number of arguments (given 1, expected 0)
E, [2019-07-30T01:42:01.390739 #22464] ERROR -- : wrong number of arguments (given 1, expected 0)
E, [2019-07-30T01:42:01.456141 #22464] ERROR -- : wrong number of arguments (given 1, expected 0)
E, [2019-07-30T01:42:01.526423 #22464] ERROR -- : wrong number of arguments (given 1, expected 0)
E, [2019-07-30T01:42:01.602777 #22464] ERROR -- : wrong number of arguments (given 1, expected 0)
E, [2019-07-30T01:42:01.694701 #22464] ERROR -- : wrong number of arguments (given 1, expected 0)
E, [2019-07-30T01:42:01.767333 #22464] ERROR -- : wrong number of arguments (given 1, expected 0)
E, [2019-07-30T01:42:01.839321 #22464] ERROR -- : wrong number of arguments (given 1, expected 0)
E, [2019-07-30T01:42:01.909115 #22464] ERROR -- : wrong number of arguments (given 1, expected 0)
E, [2019-07-30T01:42:01.985714 #22464] ERROR -- : wrong number of arguments (given 1, expected 0)
E, [2019-07-30T01:42:02.097216 #22464] ERROR -- : wrong number of arguments (given 1, expected 0)
E, [2019-07-30T01:42:02.171024 #22464] ERROR -- : wrong number of arguments (given 1, expected 0)
E, [2019-07-30T01:42:02.248726 #22464] ERROR -- : wrong number of arguments (given 1, expected 0)
E, [2019-07-30T01:42:02.327883 #22464] ERROR -- : wrong number of arguments (given 1, expected 0)
E, [2019-07-30T01:42:02.403688 #22464] ERROR -- : wrong number of arguments (given 1, expected 0)
E, [2019-07-30T01:42:02.500058 #22464] ERROR -- : wrong number of arguments (given 1, expected 0)
E, [2019-07-30T01:42:02.570446 #22464] ERROR -- : wrong number of arguments (given 1, expected 0)
E, [2019-07-30T01:42:02.642711 #22464] ERROR -- : wrong number of arguments (given 1, expected 0)
E, [2019-07-30T01:42:02.735946 #22464] ERROR -- : wrong number of arguments (given 1, expected 0)
E, [2019-07-30T01:42:02.839536 #22464] ERROR -- : wrong number of arguments (given 1, expected 0)
E, [2019-07-30T01:42:02.906865 #22464] ERROR -- : wrong number of arguments (given 1, expected 0)
E, [2019-07-30T01:42:02.999919 #22464] ERROR -- : wrong number of arguments (given 1, expected 0)
E, [2019-07-30T01:42:03.095376 #22464] ERROR -- : wrong number of arguments (given 1, expected 0)
E, [2019-07-30T01:42:03.170633 #22464] ERROR -- : wrong number of arguments (given 1, expected 0)
E, [2019-07-30T01:42:03.242207 #22464] ERROR -- : wrong number of arguments (given 1, expected 0)
E, [2019-07-30T01:42:03.318931 #22464] ERROR -- : wrong number of arguments (given 1, expected 0)
E, [2019-07-30T01:42:03.388113 #22464] ERROR -- : wrong number of arguments (given 1, expected 0)
E, [2019-07-30T01:42:03.467651 #22464] ERROR -- : wrong number of arguments (given 1, expected 0)
E, [2019-07-30T01:42:03.541246 #22464] ERROR -- : wrong number of arguments (given 1, expected 0)
E, [2019-07-30T01:42:03.638024 #22464] ERROR -- : wrong number of arguments (given 1, expected 0)
E, [2019-07-30T01:42:03.739110 #22464] ERROR -- : wrong number of arguments (given 1, expected 0)
E, [2019-07-30T01:42:03.815050 #22464] ERROR -- : wrong number of arguments (given 1, expected 0)
E, [2019-07-30T01:42:03.890049 #22464] ERROR -- : wrong number of arguments (given 1, expected 0)
E, [2019-07-30T01:42:03.960398 #22464] ERROR -- : wrong number of arguments (given 1, expected 0)
E, [2019-07-30T01:42:04.057286 #22464] ERROR -- : wrong number of arguments (given 1, expected 0)
E, [2019-07-30T01:42:04.131466 #22464] ERROR -- : wrong number of arguments (given 1, expected 0)
E, [2019-07-30T01:42:04.202503 #22464] ERROR -- : wrong number of arguments (given 1, expected 0)
E, [2019-07-30T01:42:04.303843 #22464] ERROR -- : wrong number of arguments (given 1, expected 0)
E, [2019-07-30T01:42:04.379308 #22464] ERROR -- : wrong number of arguments (given 1, expected 0)
E, [2019-07-30T01:42:04.450611 #22464] ERROR -- : wrong number of arguments (given 1, expected 0)
E, [2019-07-30T01:42:04.521346 #22464] ERROR -- : wrong number of arguments (given 1, expected 0)
E, [2019-07-30T01:42:04.632055 #22464] ERROR -- : wrong number of arguments (given 1, expected 0)
E, [2019-07-30T01:42:04.709742 #22464] ERROR -- : wrong number of arguments (given 1, expected 0)
E, [2019-07-30T01:42:04.816473 #22464] ERROR -- : wrong number of arguments (given 1, expected 0)
E, [2019-07-30T01:42:04.886288 #22464] ERROR -- : wrong number of arguments (given 1, expected 0)
E, [2019-07-30T01:42:04.987941 #22464] ERROR -- : wrong number of arguments (given 1, expected 0)
E, [2019-07-30T01:42:05.059244 #22464] ERROR -- : wrong number of arguments (given 1, expected 0)
E, [2019-07-30T01:42:05.132145 #22464] ERROR -- : wrong number of arguments (given 1, expected 0)
E, [2019-07-30T01:42:05.230694 #22464] ERROR -- : wrong number of arguments (given 1, expected 0)
E, [2019-07-30T01:42:05.327721 #22464] ERROR -- : wrong number of arguments (given 1, expected 0)
E, [2019-07-30T01:42:05.402889 #22464] ERROR -- : wrong number of arguments (given 1, expected 0)
E, [2019-07-30T01:42:05.481021 #22464] ERROR -- : wrong number of arguments (given 1, expected 0)
E, [2019-07-30T01:42:05.583851 #22464] ERROR -- : wrong number of arguments (given 1, expected 0)
E, [2019-07-30T01:42:05.693094 #22464] ERROR -- : wrong number of arguments (given 1, expected 0)
E, [2019-07-30T01:42:05.765924 #22464] ERROR -- : wrong number of arguments (given 1, expected 0)
E, [2019-07-30T01:42:06.029025 #22464] ERROR -- : wrong number of arguments (given 1, expected 0)
E, [2019-07-30T01:42:06.129387 #22464] ERROR -- : wrong number of arguments (given 1, expected 0)
E, [2019-07-30T01:42:06.195917 #22464] ERROR -- : wrong number of arguments (given 1, expected 0)
E, [2019-07-30T01:42:06.310653 #22464] ERROR -- : wrong number of arguments (given 1, expected 0)
E, [2019-07-30T01:42:06.408268 #22464] ERROR -- : wrong number of arguments (given 1, expected 0)
E, [2019-07-30T01:42:06.475925 #22464] ERROR -- : wrong number of arguments (given 1, expected 0)
E, [2019-07-30T01:42:06.549922 #22464] ERROR -- : wrong number of arguments (given 1, expected 0)
E, [2019-07-30T01:42:06.620633 #22464] ERROR -- : wrong number of arguments (given 1, expected 0)
E, [2019-07-30T01:42:06.691454 #22464] ERROR -- : wrong number of arguments (given 1, expected 0)
E, [2019-07-30T01:42:06.780718 #22464] ERROR -- : wrong number of arguments (given 1, expected 0)
E, [2019-07-30T01:42:06.901699 #22464] ERROR -- : wrong number of arguments (given 1, expected 0)
E, [2019-07-30T01:42:06.997566 #22464] ERROR -- : wrong number of arguments (given 1, expected 0)
E, [2019-07-30T01:42:07.074170 #22464] ERROR -- : wrong number of arguments (given 1, expected 0)
E, [2019-07-30T01:42:07.191750 #22464] ERROR -- : wrong number of arguments (given 1, expected 0)
E, [2019-07-30T01:42:07.272336 #22464] ERROR -- : wrong number of arguments (given 1, expected 0)
E, [2019-07-30T01:42:07.349397 #22464] ERROR -- : wrong number of arguments (given 1, expected 0)
E, [2019-07-30T01:42:07.423068 #22464] ERROR -- : wrong number of arguments (given 1, expected 0)
E, [2019-07-30T01:42:07.496710 #22464] ERROR -- : wrong number of arguments (given 1, expected 0)
E, [2019-07-30T01:42:07.575416 #22464] ERROR -- : wrong number of arguments (given 1, expected 0)
E, [2019-07-30T01:42:07.649951 #22464] ERROR -- : wrong number of arguments (given 1, expected 0)
E, [2019-07-30T01:42:07.719849 #22464] ERROR -- : wrong number of arguments (given 1, expected 0)
E, [2019-07-30T01:42:07.811962 #22464] ERROR -- : wrong number of arguments (given 1, expected 0)
E, [2019-07-30T01:42:07.893147 #22464] ERROR -- : wrong number of arguments (given 1, expected 0)
E, [2019-07-30T01:42:07.994539 #22464] ERROR -- : wrong number of arguments (given 1, expected 0)
E, [2019-07-30T01:42:08.094994 #22464] ERROR -- : wrong number of arguments (given 1, expected 0)
E, [2019-07-30T01:42:08.213464 #22464] ERROR -- : wrong number of arguments (given 1, expected 0)
E, [2019-07-30T01:42:08.290057 #22464] ERROR -- : wrong number of arguments (given 1, expected 0)
E, [2019-07-30T01:42:08.382835 #22464] ERROR -- : wrong number of arguments (given 1, expected 0)
E, [2019-07-30T01:42:08.450300 #22464] ERROR -- : wrong number of arguments (given 1, expected 0)
E, [2019-07-30T01:42:08.524169 #22464] ERROR -- : wrong number of arguments (given 1, expected 0)
E, [2019-07-30T01:42:08.596934 #22464] ERROR -- : wrong number of arguments (given 1, expected 0)
E, [2019-07-30T01:42:08.689281 #22464] ERROR -- : wrong number of arguments (given 1, expected 0)
E, [2019-07-30T01:42:08.804924 #22464] ERROR -- : wrong number of arguments (given 1, expected 0)
E, [2019-07-30T01:42:09.059723 #22464] ERROR -- : wrong number of arguments (given 1, expected 0)
E, [2019-07-30T01:42:09.185989 #22464] ERROR -- : wrong number of arguments (given 1, expected 0)
E, [2019-07-30T01:42:09.343382 #22464] ERROR -- : wrong number of arguments (given 1, expected 0)
E, [2019-07-30T01:42:09.412454 #22464] ERROR -- : wrong number of arguments (given 1, expected 0)
E, [2019-07-30T01:42:09.484712 #22464] ERROR -- : wrong number of arguments (given 1, expected 0)
E, [2019-07-30T01:42:09.576239 #22464] ERROR -- : wrong number of arguments (given 1, expected 0)
E, [2019-07-30T01:42:09.672745 #22464] ERROR -- : wrong number of arguments (given 1, expected 0)
E, [2019-07-30T01:42:09.747506 #22464] ERROR -- : wrong number of arguments (given 1, expected 0)
E, [2019-07-30T01:42:09.818413 #22464] ERROR -- : wrong number of arguments (given 1, expected 0)
E, [2019-07-30T01:42:09.916324 #22464] ERROR -- : wrong number of arguments (given 1, expected 0)
E, [2019-07-30T01:42:09.989031 #22464] ERROR -- : wrong number of arguments (given 1, expected 0)
